30-Nov-2016 01:46:00.478 INFO [main] org.apache.catalina.startup.VersionLoggerListener.log Server version:        Apache Tomcat/8.5.4
30-Nov-2016 01:46:00.480 INFO [main] org.apache.catalina.startup.VersionLoggerListener.log Server built:          Jul 6 2016 08:43:30 UTC
30-Nov-2016 01:46:00.481 INFO [main] org.apache.catalina.startup.VersionLoggerListener.log Server number:         8.5.4.0
30-Nov-2016 01:46:00.481 INFO [main] org.apache.catalina.startup.VersionLoggerListener.log OS Name:               Windows 10
30-Nov-2016 01:46:00.482 INFO [main] org.apache.catalina.startup.VersionLoggerListener.log OS Version:            10.0
30-Nov-2016 01:46:00.482 INFO [main] org.apache.catalina.startup.VersionLoggerListener.log Architecture:          amd64
30-Nov-2016 01:46:00.482 INFO [main] org.apache.catalina.startup.VersionLoggerListener.log Java Home:             C:\Program Files\Java\jdk1.8.0_111\jre
30-Nov-2016 01:46:00.482 INFO [main] org.apache.catalina.startup.VersionLoggerListener.log JVM Version:           1.8.0_111-b14
30-Nov-2016 01:46:00.482 INFO [main] org.apache.catalina.startup.VersionLoggerListener.log JVM Vendor:            Oracle Corporation
30-Nov-2016 01:46:00.482 INFO [main] org.apache.catalina.startup.VersionLoggerListener.log CATALINA_BASE:         C:\progs\tomcat8
30-Nov-2016 01:46:00.482 INFO [main] org.apache.catalina.startup.VersionLoggerListener.log CATALINA_HOME:         C:\progs\tomcat8
30-Nov-2016 01:46:00.483 INFO [main] org.apache.catalina.startup.VersionLoggerListener.log Command line argument: -Djdk.tls.ephemeralDHKeySize=2048
30-Nov-2016 01:46:00.483 INFO [main] org.apache.catalina.startup.VersionLoggerListener.log Command line argument: -Djava.util.logging.config.file=c:\progs\tomcat8\conf\logging.properties
30-Nov-2016 01:46:00.483 INFO [main] org.apache.catalina.startup.VersionLoggerListener.log Command line argument: -Djava.util.logging.manager=org.apache.juli.ClassLoaderLogManager
30-Nov-2016 01:46:00.483 INFO [main] org.apache.catalina.startup.VersionLoggerListener.log Command line argument: -Dcatalina.base=c:\progs\tomcat8
30-Nov-2016 01:46:00.483 INFO [main] org.apache.catalina.startup.VersionLoggerListener.log Command line argument: -Dcatalina.home=c:\progs\tomcat8
30-Nov-2016 01:46:00.484 INFO [main] org.apache.catalina.startup.VersionLoggerListener.log Command line argument: -Djava.io.tmpdir=c:\progs\tomcat8\temp
30-Nov-2016 01:46:00.485 INFO [main] org.apache.catalina.core.AprLifecycleListener.lifecycleEvent The APR based Apache Tomcat Native library which allows optimal performance in production environments was not found on the java.library.path: C:\Program Files\Java\jdk1.8.0_111\jre\bin;C:\WINDOWS\Sun\Java\bin;C:\WINDOWS\system32;C:\WINDOWS;C:\ProgramData\Oracle\Java\javapath;C:\Program Files (x86)\Intel\iCLS Client\;C:\Program Files\Intel\iCLS Client\;C:\WINDOWS\system32;C:\WINDOWS;C:\WINDOWS\System32\Wbem;C:\WINDOWS\System32\WindowsPowerShell\v1.0\;C:\Program Files (x86)\Intel\Intel(R) Management Engine Components\DAL;C:\Program Files\Intel\Intel(R) Management Engine Components\DAL;C:\Program Files (x86)\Intel\Intel(R) Management Engine Components\IPT;C:\Program Files\Intel\Intel(R) Management Engine Components\IPT;c:\Program Files\Intel\WiFi\bin\;c:\Program Files\Common Files\Intel\WirelessCommon\;C:\Program Files\MySQL\MySQL Utilities 1.6\;C:\Program Files\Java\jdk1.8.0_111\bin;C:\Program Files\Java\jdk1.8.0_111;C:\Program Files\Java\jdk1.8.0_111\jre\lib;C:\Program Files\MySQL\MySQL Server 5.6\bin;.
30-Nov-2016 01:46:00.801 INFO [main] org.apache.coyote.AbstractProtocol.init Initializing ProtocolHandler ["http-nio-8080"]
30-Nov-2016 01:46:01.119 INFO [main] org.apache.tomcat.util.net.NioSelectorPool.getSharedSelector Using a shared selector for servlet write/read
30-Nov-2016 01:46:01.126 INFO [main] org.apache.coyote.AbstractProtocol.init Initializing ProtocolHandler ["ajp-nio-8009"]
30-Nov-2016 01:46:01.128 INFO [main] org.apache.tomcat.util.net.NioSelectorPool.getSharedSelector Using a shared selector for servlet write/read
30-Nov-2016 01:46:01.129 INFO [main] org.apache.catalina.startup.Catalina.load Initialization processed in 1423 ms
30-Nov-2016 01:46:01.177 INFO [main] org.apache.catalina.core.StandardService.startInternal Starting service Catalina
30-Nov-2016 01:46:01.178 INFO [main] org.apache.catalina.core.StandardEngine.startInternal Starting Servlet Engine: Apache Tomcat/8.5.4
30-Nov-2016 01:46:01.195 INFO [localhost-startStop-1] org.apache.catalina.startup.HostConfig.deployDirectory Deploying web application directory C:\progs\tomcat8\webapps\docs
30-Nov-2016 01:46:01.726 INFO [localhost-startStop-1] org.apache.catalina.startup.HostConfig.deployDirectory Deployment of web application directory C:\progs\tomcat8\webapps\docs has finished in 531 ms
30-Nov-2016 01:46:01.727 INFO [localhost-startStop-1] org.apache.catalina.startup.HostConfig.deployDirectory Deploying web application directory C:\progs\tomcat8\webapps\examples
30-Nov-2016 01:46:02.889 INFO [localhost-startStop-1] org.apache.catalina.startup.HostConfig.deployDirectory Deployment of web application directory C:\progs\tomcat8\webapps\examples has finished in 1,162 ms
30-Nov-2016 01:46:02.889 INFO [localhost-startStop-1] org.apache.catalina.startup.HostConfig.deployDirectory Deploying web application directory C:\progs\tomcat8\webapps\host-manager
30-Nov-2016 01:46:02.945 INFO [localhost-startStop-1] org.apache.catalina.startup.HostConfig.deployDirectory Deployment of web application directory C:\progs\tomcat8\webapps\host-manager has finished in 55 ms
30-Nov-2016 01:46:02.945 INFO [localhost-startStop-1] org.apache.catalina.startup.HostConfig.deployDirectory Deploying web application directory C:\progs\tomcat8\webapps\manager
30-Nov-2016 01:46:02.999 INFO [localhost-startStop-1] org.apache.catalina.startup.HostConfig.deployDirectory Deployment of web application directory C:\progs\tomcat8\webapps\manager has finished in 53 ms
30-Nov-2016 01:46:02.999 INFO [localhost-startStop-1] org.apache.catalina.startup.HostConfig.deployDirectory Deploying web application directory C:\progs\tomcat8\webapps\myapps
30-Nov-2016 01:46:03.067 INFO [localhost-startStop-1] org.apache.catalina.startup.HostConfig.deployDirectory Deployment of web application directory C:\progs\tomcat8\webapps\myapps has finished in 68 ms
30-Nov-2016 01:46:03.068 INFO [localhost-startStop-1] org.apache.catalina.startup.HostConfig.deployDirectory Deploying web application directory C:\progs\tomcat8\webapps\ROOT
30-Nov-2016 01:46:03.107 INFO [localhost-startStop-1] org.apache.catalina.startup.HostConfig.deployDirectory Deployment of web application directory C:\progs\tomcat8\webapps\ROOT has finished in 40 ms
30-Nov-2016 01:46:03.108 INFO [localhost-startStop-1] org.apache.catalina.startup.HostConfig.deployDirectory Deploying web application directory C:\progs\tomcat8\webapps\webserv1
30-Nov-2016 01:46:04.879 WARNING [localhost-startStop-1] org.apache.tomcat.dbcp.dbcp2.BasicDataSourceFactory.getObjectInstance Name = parkingAppDb Property maxActive is not used in DBCP2, use maxTotal instead. maxTotal default value is 8. You have set value of "10" for "maxActive" property, which is being ignored.
30-Nov-2016 01:46:04.937 INFO [localhost-startStop-1] org.apache.jasper.servlet.TldScanner.scanJars At least one JAR was scanned for TLDs yet contained no TLDs. Enable debug logging for this logger for a complete list of JARs that were scanned but no TLDs were found in them. Skipping unneeded JARs during scanning can improve startup time and JSP compilation time.
30-Nov-2016 01:46:08.153 INFO [localhost-startStop-1] org.apache.catalina.startup.HostConfig.deployDirectory Deployment of web application directory C:\progs\tomcat8\webapps\webserv1 has finished in 5,045 ms
30-Nov-2016 01:46:08.160 INFO [main] org.apache.coyote.AbstractProtocol.start Starting ProtocolHandler [http-nio-8080]
30-Nov-2016 01:46:08.359 INFO [main] org.apache.coyote.AbstractProtocol.start Starting ProtocolHandler [ajp-nio-8009]
30-Nov-2016 01:46:08.362 INFO [main] org.apache.catalina.startup.Catalina.start Server startup in 7232 ms
30-Nov-2016 01:49:19.625 INFO [main] org.apache.catalina.core.StandardServer.await A valid shutdown command was received via the shutdown port. Stopping the Server instance.
30-Nov-2016 01:49:19.626 INFO [main] org.apache.coyote.AbstractProtocol.pause Pausing ProtocolHandler ["http-nio-8080"]
30-Nov-2016 01:49:19.681 INFO [main] org.apache.coyote.AbstractProtocol.pause Pausing ProtocolHandler ["ajp-nio-8009"]
30-Nov-2016 01:49:19.732 INFO [main] org.apache.catalina.core.StandardService.stopInternal Stopping service Catalina
30-Nov-2016 01:49:19.810 INFO [main] org.apache.coyote.AbstractProtocol.stop Stopping ProtocolHandler ["http-nio-8080"]
30-Nov-2016 01:49:19.813 INFO [main] org.apache.coyote.AbstractProtocol.stop Stopping ProtocolHandler ["ajp-nio-8009"]
30-Nov-2016 01:49:19.815 INFO [main] org.apache.coyote.AbstractProtocol.destroy Destroying ProtocolHandler ["http-nio-8080"]
30-Nov-2016 01:49:19.818 INFO [main] org.apache.coyote.AbstractProtocol.destroy Destroying ProtocolHandler ["ajp-nio-8009"]
30-Nov-2016 01:49:23.772 INFO [main] org.apache.catalina.startup.VersionLoggerListener.log Server version:        Apache Tomcat/8.5.4
30-Nov-2016 01:49:23.775 INFO [main] org.apache.catalina.startup.VersionLoggerListener.log Server built:          Jul 6 2016 08:43:30 UTC
30-Nov-2016 01:49:23.776 INFO [main] org.apache.catalina.startup.VersionLoggerListener.log Server number:         8.5.4.0
30-Nov-2016 01:49:23.776 INFO [main] org.apache.catalina.startup.VersionLoggerListener.log OS Name:               Windows 10
30-Nov-2016 01:49:23.776 INFO [main] org.apache.catalina.startup.VersionLoggerListener.log OS Version:            10.0
30-Nov-2016 01:49:23.777 INFO [main] org.apache.catalina.startup.VersionLoggerListener.log Architecture:          amd64
30-Nov-2016 01:49:23.777 INFO [main] org.apache.catalina.startup.VersionLoggerListener.log Java Home:             C:\Program Files\Java\jdk1.8.0_111\jre
30-Nov-2016 01:49:23.777 INFO [main] org.apache.catalina.startup.VersionLoggerListener.log JVM Version:           1.8.0_111-b14
30-Nov-2016 01:49:23.777 INFO [main] org.apache.catalina.startup.VersionLoggerListener.log JVM Vendor:            Oracle Corporation
30-Nov-2016 01:49:23.777 INFO [main] org.apache.catalina.startup.VersionLoggerListener.log CATALINA_BASE:         C:\progs\tomcat8
30-Nov-2016 01:49:23.778 INFO [main] org.apache.catalina.startup.VersionLoggerListener.log CATALINA_HOME:         C:\progs\tomcat8
30-Nov-2016 01:49:23.778 INFO [main] org.apache.catalina.startup.VersionLoggerListener.log Command line argument: -Djdk.tls.ephemeralDHKeySize=2048
30-Nov-2016 01:49:23.778 INFO [main] org.apache.catalina.startup.VersionLoggerListener.log Command line argument: -Djava.util.logging.config.file=c:\progs\tomcat8\conf\logging.properties
30-Nov-2016 01:49:23.779 INFO [main] org.apache.catalina.startup.VersionLoggerListener.log Command line argument: -Djava.util.logging.manager=org.apache.juli.ClassLoaderLogManager
30-Nov-2016 01:49:23.779 INFO [main] org.apache.catalina.startup.VersionLoggerListener.log Command line argument: -Dcatalina.base=c:\progs\tomcat8
30-Nov-2016 01:49:23.779 INFO [main] org.apache.catalina.startup.VersionLoggerListener.log Command line argument: -Dcatalina.home=c:\progs\tomcat8
30-Nov-2016 01:49:23.780 INFO [main] org.apache.catalina.startup.VersionLoggerListener.log Command line argument: -Djava.io.tmpdir=c:\progs\tomcat8\temp
30-Nov-2016 01:49:23.781 INFO [main] org.apache.catalina.core.AprLifecycleListener.lifecycleEvent The APR based Apache Tomcat Native library which allows optimal performance in production environments was not found on the java.library.path: C:\Program Files\Java\jdk1.8.0_111\jre\bin;C:\WINDOWS\Sun\Java\bin;C:\WINDOWS\system32;C:\WINDOWS;C:\ProgramData\Oracle\Java\javapath;C:\Program Files (x86)\Intel\iCLS Client\;C:\Program Files\Intel\iCLS Client\;C:\WINDOWS\system32;C:\WINDOWS;C:\WINDOWS\System32\Wbem;C:\WINDOWS\System32\WindowsPowerShell\v1.0\;C:\Program Files (x86)\Intel\Intel(R) Management Engine Components\DAL;C:\Program Files\Intel\Intel(R) Management Engine Components\DAL;C:\Program Files (x86)\Intel\Intel(R) Management Engine Components\IPT;C:\Program Files\Intel\Intel(R) Management Engine Components\IPT;c:\Program Files\Intel\WiFi\bin\;c:\Program Files\Common Files\Intel\WirelessCommon\;C:\Program Files\MySQL\MySQL Utilities 1.6\;C:\Program Files\Java\jdk1.8.0_111\bin;C:\Program Files\Java\jdk1.8.0_111;C:\Program Files\Java\jdk1.8.0_111\jre\lib;C:\Program Files\MySQL\MySQL Server 5.6\bin;.
30-Nov-2016 01:49:23.972 INFO [main] org.apache.coyote.AbstractProtocol.init Initializing ProtocolHandler ["http-nio-8080"]
30-Nov-2016 01:49:24.175 INFO [main] org.apache.tomcat.util.net.NioSelectorPool.getSharedSelector Using a shared selector for servlet write/read
30-Nov-2016 01:49:24.179 INFO [main] org.apache.coyote.AbstractProtocol.init Initializing ProtocolHandler ["ajp-nio-8009"]
30-Nov-2016 01:49:24.182 INFO [main] org.apache.tomcat.util.net.NioSelectorPool.getSharedSelector Using a shared selector for servlet write/read
30-Nov-2016 01:49:24.183 INFO [main] org.apache.catalina.startup.Catalina.load Initialization processed in 967 ms
30-Nov-2016 01:49:24.221 INFO [main] org.apache.catalina.core.StandardService.startInternal Starting service Catalina
30-Nov-2016 01:49:24.221 INFO [main] org.apache.catalina.core.StandardEngine.startInternal Starting Servlet Engine: Apache Tomcat/8.5.4
30-Nov-2016 01:49:24.237 INFO [localhost-startStop-1] org.apache.catalina.startup.HostConfig.deployDirectory Deploying web application directory C:\progs\tomcat8\webapps\docs
30-Nov-2016 01:49:24.689 INFO [localhost-startStop-1] org.apache.catalina.startup.HostConfig.deployDirectory Deployment of web application directory C:\progs\tomcat8\webapps\docs has finished in 452 ms
30-Nov-2016 01:49:24.690 INFO [localhost-startStop-1] org.apache.catalina.startup.HostConfig.deployDirectory Deploying web application directory C:\progs\tomcat8\webapps\examples
30-Nov-2016 01:49:25.193 INFO [localhost-startStop-1] org.apache.catalina.startup.HostConfig.deployDirectory Deployment of web application directory C:\progs\tomcat8\webapps\examples has finished in 502 ms
30-Nov-2016 01:49:25.199 INFO [localhost-startStop-1] org.apache.catalina.startup.HostConfig.deployDirectory Deploying web application directory C:\progs\tomcat8\webapps\host-manager
30-Nov-2016 01:49:25.251 INFO [localhost-startStop-1] org.apache.catalina.startup.HostConfig.deployDirectory Deployment of web application directory C:\progs\tomcat8\webapps\host-manager has finished in 52 ms
30-Nov-2016 01:49:25.255 INFO [localhost-startStop-1] org.apache.catalina.startup.HostConfig.deployDirectory Deploying web application directory C:\progs\tomcat8\webapps\manager
30-Nov-2016 01:49:25.305 INFO [localhost-startStop-1] org.apache.catalina.startup.HostConfig.deployDirectory Deployment of web application directory C:\progs\tomcat8\webapps\manager has finished in 50 ms
30-Nov-2016 01:49:25.306 INFO [localhost-startStop-1] org.apache.catalina.startup.HostConfig.deployDirectory Deploying web application directory C:\progs\tomcat8\webapps\myapps
30-Nov-2016 01:49:25.370 INFO [localhost-startStop-1] org.apache.catalina.startup.HostConfig.deployDirectory Deployment of web application directory C:\progs\tomcat8\webapps\myapps has finished in 64 ms
30-Nov-2016 01:49:25.370 INFO [localhost-startStop-1] org.apache.catalina.startup.HostConfig.deployDirectory Deploying web application directory C:\progs\tomcat8\webapps\ROOT
30-Nov-2016 01:49:25.407 INFO [localhost-startStop-1] org.apache.catalina.startup.HostConfig.deployDirectory Deployment of web application directory C:\progs\tomcat8\webapps\ROOT has finished in 36 ms
30-Nov-2016 01:49:25.407 INFO [localhost-startStop-1] org.apache.catalina.startup.HostConfig.deployDirectory Deploying web application directory C:\progs\tomcat8\webapps\webserv1
30-Nov-2016 01:49:26.540 WARNING [localhost-startStop-1] org.apache.tomcat.dbcp.dbcp2.BasicDataSourceFactory.getObjectInstance Name = parkingAppDb Property maxActive is not used in DBCP2, use maxTotal instead. maxTotal default value is 8. You have set value of "10" for "maxActive" property, which is being ignored.
30-Nov-2016 01:49:26.574 INFO [localhost-startStop-1] org.apache.jasper.servlet.TldScanner.scanJars At least one JAR was scanned for TLDs yet contained no TLDs. Enable debug logging for this logger for a complete list of JARs that were scanned but no TLDs were found in them. Skipping unneeded JARs during scanning can improve startup time and JSP compilation time.
30-Nov-2016 01:49:28.136 INFO [localhost-startStop-1] org.apache.catalina.startup.HostConfig.deployDirectory Deployment of web application directory C:\progs\tomcat8\webapps\webserv1 has finished in 2,729 ms
30-Nov-2016 01:49:28.143 INFO [main] org.apache.coyote.AbstractProtocol.start Starting ProtocolHandler [http-nio-8080]
30-Nov-2016 01:49:28.165 INFO [main] org.apache.coyote.AbstractProtocol.start Starting ProtocolHandler [ajp-nio-8009]
30-Nov-2016 01:49:28.168 INFO [main] org.apache.catalina.startup.Catalina.start Server startup in 3983 ms
30-Nov-2016 02:08:52.955 INFO [main] org.apache.catalina.core.StandardServer.await A valid shutdown command was received via the shutdown port. Stopping the Server instance.
30-Nov-2016 02:08:52.960 INFO [main] org.apache.coyote.AbstractProtocol.pause Pausing ProtocolHandler ["http-nio-8080"]
30-Nov-2016 02:08:53.021 INFO [main] org.apache.coyote.AbstractProtocol.pause Pausing ProtocolHandler ["ajp-nio-8009"]
30-Nov-2016 02:08:53.073 INFO [main] org.apache.catalina.core.StandardService.stopInternal Stopping service Catalina
30-Nov-2016 02:08:53.267 INFO [main] org.apache.coyote.AbstractProtocol.stop Stopping ProtocolHandler ["http-nio-8080"]
30-Nov-2016 02:08:53.271 INFO [main] org.apache.coyote.AbstractProtocol.stop Stopping ProtocolHandler ["ajp-nio-8009"]
30-Nov-2016 02:08:53.272 INFO [main] org.apache.coyote.AbstractProtocol.destroy Destroying ProtocolHandler ["http-nio-8080"]
30-Nov-2016 02:08:53.275 INFO [main] org.apache.coyote.AbstractProtocol.destroy Destroying ProtocolHandler ["ajp-nio-8009"]
30-Nov-2016 02:18:12.581 INFO [main] org.apache.catalina.startup.VersionLoggerListener.log Server version:        Apache Tomcat/8.5.4
30-Nov-2016 02:18:12.583 INFO [main] org.apache.catalina.startup.VersionLoggerListener.log Server built:          Jul 6 2016 08:43:30 UTC
30-Nov-2016 02:18:12.584 INFO [main] org.apache.catalina.startup.VersionLoggerListener.log Server number:         8.5.4.0
30-Nov-2016 02:18:12.584 INFO [main] org.apache.catalina.startup.VersionLoggerListener.log OS Name:               Windows 10
30-Nov-2016 02:18:12.585 INFO [main] org.apache.catalina.startup.VersionLoggerListener.log OS Version:            10.0
30-Nov-2016 02:18:12.585 INFO [main] org.apache.catalina.startup.VersionLoggerListener.log Architecture:          amd64
30-Nov-2016 02:18:12.585 INFO [main] org.apache.catalina.startup.VersionLoggerListener.log Java Home:             C:\Program Files\Java\jdk1.8.0_111\jre
30-Nov-2016 02:18:12.585 INFO [main] org.apache.catalina.startup.VersionLoggerListener.log JVM Version:           1.8.0_111-b14
30-Nov-2016 02:18:12.585 INFO [main] org.apache.catalina.startup.VersionLoggerListener.log JVM Vendor:            Oracle Corporation
30-Nov-2016 02:18:12.586 INFO [main] org.apache.catalina.startup.VersionLoggerListener.log CATALINA_BASE:         C:\progs\tomcat8
30-Nov-2016 02:18:12.586 INFO [main] org.apache.catalina.startup.VersionLoggerListener.log CATALINA_HOME:         C:\progs\tomcat8
30-Nov-2016 02:18:12.586 INFO [main] org.apache.catalina.startup.VersionLoggerListener.log Command line argument: -Djdk.tls.ephemeralDHKeySize=2048
30-Nov-2016 02:18:12.586 INFO [main] org.apache.catalina.startup.VersionLoggerListener.log Command line argument: -Djava.util.logging.config.file=c:\progs\tomcat8\conf\logging.properties
30-Nov-2016 02:18:12.587 INFO [main] org.apache.catalina.startup.VersionLoggerListener.log Command line argument: -Djava.util.logging.manager=org.apache.juli.ClassLoaderLogManager
30-Nov-2016 02:18:12.587 INFO [main] org.apache.catalina.startup.VersionLoggerListener.log Command line argument: -Dcatalina.base=c:\progs\tomcat8
30-Nov-2016 02:18:12.587 INFO [main] org.apache.catalina.startup.VersionLoggerListener.log Command line argument: -Dcatalina.home=c:\progs\tomcat8
30-Nov-2016 02:18:12.588 INFO [main] org.apache.catalina.startup.VersionLoggerListener.log Command line argument: -Djava.io.tmpdir=c:\progs\tomcat8\temp
30-Nov-2016 02:18:12.589 INFO [main] org.apache.catalina.core.AprLifecycleListener.lifecycleEvent The APR based Apache Tomcat Native library which allows optimal performance in production environments was not found on the java.library.path: C:\Program Files\Java\jdk1.8.0_111\jre\bin;C:\WINDOWS\Sun\Java\bin;C:\WINDOWS\system32;C:\WINDOWS;C:\ProgramData\Oracle\Java\javapath;C:\Program Files (x86)\Intel\iCLS Client\;C:\Program Files\Intel\iCLS Client\;C:\WINDOWS\system32;C:\WINDOWS;C:\WINDOWS\System32\Wbem;C:\WINDOWS\System32\WindowsPowerShell\v1.0\;C:\Program Files (x86)\Intel\Intel(R) Management Engine Components\DAL;C:\Program Files\Intel\Intel(R) Management Engine Components\DAL;C:\Program Files (x86)\Intel\Intel(R) Management Engine Components\IPT;C:\Program Files\Intel\Intel(R) Management Engine Components\IPT;c:\Program Files\Intel\WiFi\bin\;c:\Program Files\Common Files\Intel\WirelessCommon\;C:\Program Files\MySQL\MySQL Utilities 1.6\;C:\Program Files\Java\jdk1.8.0_111\bin;C:\Program Files\Java\jdk1.8.0_111;C:\Program Files\Java\jdk1.8.0_111\jre\lib;C:\Program Files\MySQL\MySQL Server 5.6\bin;.
30-Nov-2016 02:18:12.784 INFO [main] org.apache.coyote.AbstractProtocol.init Initializing ProtocolHandler ["http-nio-8080"]
30-Nov-2016 02:18:12.990 INFO [main] org.apache.tomcat.util.net.NioSelectorPool.getSharedSelector Using a shared selector for servlet write/read
30-Nov-2016 02:18:12.994 INFO [main] org.apache.coyote.AbstractProtocol.init Initializing ProtocolHandler ["ajp-nio-8009"]
30-Nov-2016 02:18:12.996 INFO [main] org.apache.tomcat.util.net.NioSelectorPool.getSharedSelector Using a shared selector for servlet write/read
30-Nov-2016 02:18:12.997 INFO [main] org.apache.catalina.startup.Catalina.load Initialization processed in 963 ms
30-Nov-2016 02:18:13.034 INFO [main] org.apache.catalina.core.StandardService.startInternal Starting service Catalina
30-Nov-2016 02:18:13.034 INFO [main] org.apache.catalina.core.StandardEngine.startInternal Starting Servlet Engine: Apache Tomcat/8.5.4
30-Nov-2016 02:18:13.049 INFO [localhost-startStop-1] org.apache.catalina.startup.HostConfig.deployDirectory Deploying web application directory C:\progs\tomcat8\webapps\docs
30-Nov-2016 02:18:13.474 INFO [localhost-startStop-1] org.apache.catalina.startup.HostConfig.deployDirectory Deployment of web application directory C:\progs\tomcat8\webapps\docs has finished in 424 ms
30-Nov-2016 02:18:13.475 INFO [localhost-startStop-1] org.apache.catalina.startup.HostConfig.deployDirectory Deploying web application directory C:\progs\tomcat8\webapps\examples
30-Nov-2016 02:18:14.021 INFO [localhost-startStop-1] org.apache.catalina.startup.HostConfig.deployDirectory Deployment of web application directory C:\progs\tomcat8\webapps\examples has finished in 546 ms
30-Nov-2016 02:18:14.022 INFO [localhost-startStop-1] org.apache.catalina.startup.HostConfig.deployDirectory Deploying web application directory C:\progs\tomcat8\webapps\host-manager
30-Nov-2016 02:18:14.073 INFO [localhost-startStop-1] org.apache.catalina.startup.HostConfig.deployDirectory Deployment of web application directory C:\progs\tomcat8\webapps\host-manager has finished in 52 ms
30-Nov-2016 02:18:14.074 INFO [localhost-startStop-1] org.apache.catalina.startup.HostConfig.deployDirectory Deploying web application directory C:\progs\tomcat8\webapps\manager
30-Nov-2016 02:18:14.178 INFO [localhost-startStop-1] org.apache.catalina.startup.HostConfig.deployDirectory Deployment of web application directory C:\progs\tomcat8\webapps\manager has finished in 104 ms
30-Nov-2016 02:18:14.180 INFO [localhost-startStop-1] org.apache.catalina.startup.HostConfig.deployDirectory Deploying web application directory C:\progs\tomcat8\webapps\myapps
30-Nov-2016 02:18:14.235 INFO [localhost-startStop-1] org.apache.catalina.startup.HostConfig.deployDirectory Deployment of web application directory C:\progs\tomcat8\webapps\myapps has finished in 55 ms
30-Nov-2016 02:18:14.235 INFO [localhost-startStop-1] org.apache.catalina.startup.HostConfig.deployDirectory Deploying web application directory C:\progs\tomcat8\webapps\ROOT
30-Nov-2016 02:18:14.264 INFO [localhost-startStop-1] org.apache.catalina.startup.HostConfig.deployDirectory Deployment of web application directory C:\progs\tomcat8\webapps\ROOT has finished in 29 ms
30-Nov-2016 02:18:14.265 INFO [localhost-startStop-1] org.apache.catalina.startup.HostConfig.deployDirectory Deploying web application directory C:\progs\tomcat8\webapps\webserv1
30-Nov-2016 02:18:15.478 WARNING [localhost-startStop-1] org.apache.tomcat.dbcp.dbcp2.BasicDataSourceFactory.getObjectInstance Name = parkingAppDb Property maxActive is not used in DBCP2, use maxTotal instead. maxTotal default value is 8. You have set value of "10" for "maxActive" property, which is being ignored.
30-Nov-2016 02:18:15.515 INFO [localhost-startStop-1] org.apache.jasper.servlet.TldScanner.scanJars At least one JAR was scanned for TLDs yet contained no TLDs. Enable debug logging for this logger for a complete list of JARs that were scanned but no TLDs were found in them. Skipping unneeded JARs during scanning can improve startup time and JSP compilation time.
30-Nov-2016 02:18:17.275 INFO [localhost-startStop-1] org.apache.catalina.startup.HostConfig.deployDirectory Deployment of web application directory C:\progs\tomcat8\webapps\webserv1 has finished in 3,010 ms
30-Nov-2016 02:18:17.280 INFO [main] org.apache.coyote.AbstractProtocol.start Starting ProtocolHandler [http-nio-8080]
30-Nov-2016 02:18:17.304 INFO [main] org.apache.coyote.AbstractProtocol.start Starting ProtocolHandler [ajp-nio-8009]
30-Nov-2016 02:18:17.320 INFO [main] org.apache.catalina.startup.Catalina.start Server startup in 4321 ms
30-Nov-2016 02:19:13.987 INFO [main] org.apache.catalina.core.StandardServer.await A valid shutdown command was received via the shutdown port. Stopping the Server instance.
30-Nov-2016 02:19:13.988 INFO [main] org.apache.coyote.AbstractProtocol.pause Pausing ProtocolHandler ["http-nio-8080"]
30-Nov-2016 02:19:14.043 INFO [main] org.apache.coyote.AbstractProtocol.pause Pausing ProtocolHandler ["ajp-nio-8009"]
30-Nov-2016 02:19:14.095 INFO [main] org.apache.catalina.core.StandardService.stopInternal Stopping service Catalina
30-Nov-2016 02:19:14.508 INFO [main] org.apache.coyote.AbstractProtocol.stop Stopping ProtocolHandler ["http-nio-8080"]
30-Nov-2016 02:19:14.510 INFO [main] org.apache.coyote.AbstractProtocol.stop Stopping ProtocolHandler ["ajp-nio-8009"]
30-Nov-2016 02:19:14.513 INFO [main] org.apache.coyote.AbstractProtocol.destroy Destroying ProtocolHandler ["http-nio-8080"]
30-Nov-2016 02:19:14.515 INFO [main] org.apache.coyote.AbstractProtocol.destroy Destroying ProtocolHandler ["ajp-nio-8009"]
30-Nov-2016 02:19:23.169 INFO [main] org.apache.catalina.startup.VersionLoggerListener.log Server version:        Apache Tomcat/8.5.4
30-Nov-2016 02:19:23.172 INFO [main] org.apache.catalina.startup.VersionLoggerListener.log Server built:          Jul 6 2016 08:43:30 UTC
30-Nov-2016 02:19:23.173 INFO [main] org.apache.catalina.startup.VersionLoggerListener.log Server number:         8.5.4.0
30-Nov-2016 02:19:23.173 INFO [main] org.apache.catalina.startup.VersionLoggerListener.log OS Name:               Windows 10
30-Nov-2016 02:19:23.173 INFO [main] org.apache.catalina.startup.VersionLoggerListener.log OS Version:            10.0
30-Nov-2016 02:19:23.174 INFO [main] org.apache.catalina.startup.VersionLoggerListener.log Architecture:          amd64
30-Nov-2016 02:19:23.174 INFO [main] org.apache.catalina.startup.VersionLoggerListener.log Java Home:             C:\Program Files\Java\jdk1.8.0_111\jre
30-Nov-2016 02:19:23.174 INFO [main] org.apache.catalina.startup.VersionLoggerListener.log JVM Version:           1.8.0_111-b14
30-Nov-2016 02:19:23.174 INFO [main] org.apache.catalina.startup.VersionLoggerListener.log JVM Vendor:            Oracle Corporation
30-Nov-2016 02:19:23.175 INFO [main] org.apache.catalina.startup.VersionLoggerListener.log CATALINA_BASE:         C:\progs\tomcat8
30-Nov-2016 02:19:23.175 INFO [main] org.apache.catalina.startup.VersionLoggerListener.log CATALINA_HOME:         C:\progs\tomcat8
30-Nov-2016 02:19:23.175 INFO [main] org.apache.catalina.startup.VersionLoggerListener.log Command line argument: -Djdk.tls.ephemeralDHKeySize=2048
30-Nov-2016 02:19:23.175 INFO [main] org.apache.catalina.startup.VersionLoggerListener.log Command line argument: -Djava.util.logging.config.file=c:\progs\tomcat8\conf\logging.properties
30-Nov-2016 02:19:23.176 INFO [main] org.apache.catalina.startup.VersionLoggerListener.log Command line argument: -Djava.util.logging.manager=org.apache.juli.ClassLoaderLogManager
30-Nov-2016 02:19:23.176 INFO [main] org.apache.catalina.startup.VersionLoggerListener.log Command line argument: -Dcatalina.base=c:\progs\tomcat8
30-Nov-2016 02:19:23.176 INFO [main] org.apache.catalina.startup.VersionLoggerListener.log Command line argument: -Dcatalina.home=c:\progs\tomcat8
30-Nov-2016 02:19:23.176 INFO [main] org.apache.catalina.startup.VersionLoggerListener.log Command line argument: -Djava.io.tmpdir=c:\progs\tomcat8\temp
30-Nov-2016 02:19:23.178 INFO [main] org.apache.catalina.core.AprLifecycleListener.lifecycleEvent The APR based Apache Tomcat Native library which allows optimal performance in production environments was not found on the java.library.path: C:\Program Files\Java\jdk1.8.0_111\jre\bin;C:\WINDOWS\Sun\Java\bin;C:\WINDOWS\system32;C:\WINDOWS;C:\ProgramData\Oracle\Java\javapath;C:\Program Files (x86)\Intel\iCLS Client\;C:\Program Files\Intel\iCLS Client\;C:\WINDOWS\system32;C:\WINDOWS;C:\WINDOWS\System32\Wbem;C:\WINDOWS\System32\WindowsPowerShell\v1.0\;C:\Program Files (x86)\Intel\Intel(R) Management Engine Components\DAL;C:\Program Files\Intel\Intel(R) Management Engine Components\DAL;C:\Program Files (x86)\Intel\Intel(R) Management Engine Components\IPT;C:\Program Files\Intel\Intel(R) Management Engine Components\IPT;c:\Program Files\Intel\WiFi\bin\;c:\Program Files\Common Files\Intel\WirelessCommon\;C:\Program Files\MySQL\MySQL Utilities 1.6\;C:\Program Files\Java\jdk1.8.0_111\bin;C:\Program Files\Java\jdk1.8.0_111;C:\Program Files\Java\jdk1.8.0_111\jre\lib;C:\Program Files\MySQL\MySQL Server 5.6\bin;.
30-Nov-2016 02:19:23.579 INFO [main] org.apache.coyote.AbstractProtocol.init Initializing ProtocolHandler ["http-nio-8080"]
30-Nov-2016 02:19:23.852 INFO [main] org.apache.tomcat.util.net.NioSelectorPool.getSharedSelector Using a shared selector for servlet write/read
30-Nov-2016 02:19:23.856 INFO [main] org.apache.coyote.AbstractProtocol.init Initializing ProtocolHandler ["ajp-nio-8009"]
30-Nov-2016 02:19:23.859 INFO [main] org.apache.tomcat.util.net.NioSelectorPool.getSharedSelector Using a shared selector for servlet write/read
30-Nov-2016 02:19:23.859 INFO [main] org.apache.catalina.startup.Catalina.load Initialization processed in 1282 ms
30-Nov-2016 02:19:23.903 INFO [main] org.apache.catalina.core.StandardService.startInternal Starting service Catalina
30-Nov-2016 02:19:23.903 INFO [main] org.apache.catalina.core.StandardEngine.startInternal Starting Servlet Engine: Apache Tomcat/8.5.4
30-Nov-2016 02:19:23.919 INFO [localhost-startStop-1] org.apache.catalina.startup.HostConfig.deployDirectory Deploying web application directory C:\progs\tomcat8\webapps\docs
30-Nov-2016 02:19:24.474 INFO [localhost-startStop-1] org.apache.catalina.startup.HostConfig.deployDirectory Deployment of web application directory C:\progs\tomcat8\webapps\docs has finished in 554 ms
30-Nov-2016 02:19:24.474 INFO [localhost-startStop-1] org.apache.catalina.startup.HostConfig.deployDirectory Deploying web application directory C:\progs\tomcat8\webapps\examples
30-Nov-2016 02:19:25.524 INFO [localhost-startStop-1] org.apache.catalina.startup.HostConfig.deployDirectory Deployment of web application directory C:\progs\tomcat8\webapps\examples has finished in 1,050 ms
30-Nov-2016 02:19:25.525 INFO [localhost-startStop-1] org.apache.catalina.startup.HostConfig.deployDirectory Deploying web application directory C:\progs\tomcat8\webapps\host-manager
30-Nov-2016 02:19:25.586 INFO [localhost-startStop-1] org.apache.catalina.startup.HostConfig.deployDirectory Deployment of web application directory C:\progs\tomcat8\webapps\host-manager has finished in 61 ms
30-Nov-2016 02:19:25.587 INFO [localhost-startStop-1] org.apache.catalina.startup.HostConfig.deployDirectory Deploying web application directory C:\progs\tomcat8\webapps\manager
30-Nov-2016 02:19:25.685 INFO [localhost-startStop-1] org.apache.catalina.startup.HostConfig.deployDirectory Deployment of web application directory C:\progs\tomcat8\webapps\manager has finished in 98 ms
30-Nov-2016 02:19:25.686 INFO [localhost-startStop-1] org.apache.catalina.startup.HostConfig.deployDirectory Deploying web application directory C:\progs\tomcat8\webapps\myapps
30-Nov-2016 02:19:25.747 INFO [localhost-startStop-1] org.apache.catalina.startup.HostConfig.deployDirectory Deployment of web application directory C:\progs\tomcat8\webapps\myapps has finished in 62 ms
30-Nov-2016 02:19:25.747 INFO [localhost-startStop-1] org.apache.catalina.startup.HostConfig.deployDirectory Deploying web application directory C:\progs\tomcat8\webapps\ROOT
30-Nov-2016 02:19:25.803 INFO [localhost-startStop-1] org.apache.catalina.startup.HostConfig.deployDirectory Deployment of web application directory C:\progs\tomcat8\webapps\ROOT has finished in 56 ms
30-Nov-2016 02:19:25.813 INFO [localhost-startStop-1] org.apache.catalina.startup.HostConfig.deployDirectory Deploying web application directory C:\progs\tomcat8\webapps\webserv1
30-Nov-2016 02:19:27.257 WARNING [localhost-startStop-1] org.apache.tomcat.dbcp.dbcp2.BasicDataSourceFactory.getObjectInstance Name = parkingAppDb Property maxActive is not used in DBCP2, use maxTotal instead. maxTotal default value is 8. You have set value of "10" for "maxActive" property, which is being ignored.
30-Nov-2016 02:19:27.296 INFO [localhost-startStop-1] org.apache.jasper.servlet.TldScanner.scanJars At least one JAR was scanned for TLDs yet contained no TLDs. Enable debug logging for this logger for a complete list of JARs that were scanned but no TLDs were found in them. Skipping unneeded JARs during scanning can improve startup time and JSP compilation time.
30-Nov-2016 02:19:28.966 INFO [localhost-startStop-1] org.apache.catalina.startup.HostConfig.deployDirectory Deployment of web application directory C:\progs\tomcat8\webapps\webserv1 has finished in 3,153 ms
30-Nov-2016 02:19:28.970 INFO [main] org.apache.coyote.AbstractProtocol.start Starting ProtocolHandler [http-nio-8080]
30-Nov-2016 02:19:28.980 INFO [main] org.apache.coyote.AbstractProtocol.start Starting ProtocolHandler [ajp-nio-8009]
30-Nov-2016 02:19:28.982 INFO [main] org.apache.catalina.startup.Catalina.start Server startup in 5122 ms
30-Nov-2016 03:40:13.643 INFO [main] org.apache.catalina.core.StandardServer.await A valid shutdown command was received via the shutdown port. Stopping the Server instance.
30-Nov-2016 03:40:13.655 INFO [main] org.apache.coyote.AbstractProtocol.pause Pausing ProtocolHandler ["http-nio-8080"]
30-Nov-2016 03:40:13.725 INFO [main] org.apache.coyote.AbstractProtocol.pause Pausing ProtocolHandler ["ajp-nio-8009"]
30-Nov-2016 03:40:13.777 INFO [main] org.apache.catalina.core.StandardService.stopInternal Stopping service Catalina
30-Nov-2016 03:40:14.432 INFO [main] org.apache.coyote.AbstractProtocol.stop Stopping ProtocolHandler ["http-nio-8080"]
30-Nov-2016 03:40:14.438 INFO [main] org.apache.coyote.AbstractProtocol.stop Stopping ProtocolHandler ["ajp-nio-8009"]
30-Nov-2016 03:40:14.440 INFO [main] org.apache.coyote.AbstractProtocol.destroy Destroying ProtocolHandler ["http-nio-8080"]
30-Nov-2016 03:40:14.442 INFO [main] org.apache.coyote.AbstractProtocol.destroy Destroying ProtocolHandler ["ajp-nio-8009"]
30-Nov-2016 03:49:49.124 INFO [main] org.apache.catalina.startup.VersionLoggerListener.log Server version:        Apache Tomcat/8.5.4
30-Nov-2016 03:49:49.126 INFO [main] org.apache.catalina.startup.VersionLoggerListener.log Server built:          Jul 6 2016 08:43:30 UTC
30-Nov-2016 03:49:49.127 INFO [main] org.apache.catalina.startup.VersionLoggerListener.log Server number:         8.5.4.0
30-Nov-2016 03:49:49.127 INFO [main] org.apache.catalina.startup.VersionLoggerListener.log OS Name:               Windows 10
30-Nov-2016 03:49:49.127 INFO [main] org.apache.catalina.startup.VersionLoggerListener.log OS Version:            10.0
30-Nov-2016 03:49:49.127 INFO [main] org.apache.catalina.startup.VersionLoggerListener.log Architecture:          amd64
30-Nov-2016 03:49:49.128 INFO [main] org.apache.catalina.startup.VersionLoggerListener.log Java Home:             C:\Program Files\Java\jdk1.8.0_111\jre
30-Nov-2016 03:49:49.128 INFO [main] org.apache.catalina.startup.VersionLoggerListener.log JVM Version:           1.8.0_111-b14
30-Nov-2016 03:49:49.128 INFO [main] org.apache.catalina.startup.VersionLoggerListener.log JVM Vendor:            Oracle Corporation
30-Nov-2016 03:49:49.128 INFO [main] org.apache.catalina.startup.VersionLoggerListener.log CATALINA_BASE:         C:\progs\tomcat8
30-Nov-2016 03:49:49.128 INFO [main] org.apache.catalina.startup.VersionLoggerListener.log CATALINA_HOME:         C:\progs\tomcat8
30-Nov-2016 03:49:49.129 INFO [main] org.apache.catalina.startup.VersionLoggerListener.log Command line argument: -Djdk.tls.ephemeralDHKeySize=2048
30-Nov-2016 03:49:49.129 INFO [main] org.apache.catalina.startup.VersionLoggerListener.log Command line argument: -Djava.util.logging.config.file=c:\progs\tomcat8\conf\logging.properties
30-Nov-2016 03:49:49.129 INFO [main] org.apache.catalina.startup.VersionLoggerListener.log Command line argument: -Djava.util.logging.manager=org.apache.juli.ClassLoaderLogManager
30-Nov-2016 03:49:49.130 INFO [main] org.apache.catalina.startup.VersionLoggerListener.log Command line argument: -Dcatalina.base=c:\progs\tomcat8
30-Nov-2016 03:49:49.130 INFO [main] org.apache.catalina.startup.VersionLoggerListener.log Command line argument: -Dcatalina.home=c:\progs\tomcat8
30-Nov-2016 03:49:49.130 INFO [main] org.apache.catalina.startup.VersionLoggerListener.log Command line argument: -Djava.io.tmpdir=c:\progs\tomcat8\temp
30-Nov-2016 03:49:49.131 INFO [main] org.apache.catalina.core.AprLifecycleListener.lifecycleEvent The APR based Apache Tomcat Native library which allows optimal performance in production environments was not found on the java.library.path: C:\Program Files\Java\jdk1.8.0_111\jre\bin;C:\WINDOWS\Sun\Java\bin;C:\WINDOWS\system32;C:\WINDOWS;C:\ProgramData\Oracle\Java\javapath;C:\Program Files (x86)\Intel\iCLS Client\;C:\Program Files\Intel\iCLS Client\;C:\WINDOWS\system32;C:\WINDOWS;C:\WINDOWS\System32\Wbem;C:\WINDOWS\System32\WindowsPowerShell\v1.0\;C:\Program Files (x86)\Intel\Intel(R) Management Engine Components\DAL;C:\Program Files\Intel\Intel(R) Management Engine Components\DAL;C:\Program Files (x86)\Intel\Intel(R) Management Engine Components\IPT;C:\Program Files\Intel\Intel(R) Management Engine Components\IPT;c:\Program Files\Intel\WiFi\bin\;c:\Program Files\Common Files\Intel\WirelessCommon\;C:\Program Files\MySQL\MySQL Utilities 1.6\;C:\Program Files\Java\jdk1.8.0_111\bin;C:\Program Files\Java\jdk1.8.0_111;C:\Program Files\Java\jdk1.8.0_111\jre\lib;C:\Program Files\MySQL\MySQL Server 5.6\bin;.
30-Nov-2016 03:49:49.376 INFO [main] org.apache.coyote.AbstractProtocol.init Initializing ProtocolHandler ["http-nio-8080"]
30-Nov-2016 03:49:49.699 INFO [main] org.apache.tomcat.util.net.NioSelectorPool.getSharedSelector Using a shared selector for servlet write/read
30-Nov-2016 03:49:49.703 INFO [main] org.apache.coyote.AbstractProtocol.init Initializing ProtocolHandler ["ajp-nio-8009"]
30-Nov-2016 03:49:49.705 INFO [main] org.apache.tomcat.util.net.NioSelectorPool.getSharedSelector Using a shared selector for servlet write/read
30-Nov-2016 03:49:49.707 INFO [main] org.apache.catalina.startup.Catalina.load Initialization processed in 1120 ms
30-Nov-2016 03:49:49.747 INFO [main] org.apache.catalina.core.StandardService.startInternal Starting service Catalina
30-Nov-2016 03:49:49.748 INFO [main] org.apache.catalina.core.StandardEngine.startInternal Starting Servlet Engine: Apache Tomcat/8.5.4
30-Nov-2016 03:49:49.761 INFO [localhost-startStop-1] org.apache.catalina.startup.HostConfig.deployDirectory Deploying web application directory C:\progs\tomcat8\webapps\docs
30-Nov-2016 03:49:50.253 INFO [localhost-startStop-1] org.apache.catalina.startup.HostConfig.deployDirectory Deployment of web application directory C:\progs\tomcat8\webapps\docs has finished in 492 ms
30-Nov-2016 03:49:50.254 INFO [localhost-startStop-1] org.apache.catalina.startup.HostConfig.deployDirectory Deploying web application directory C:\progs\tomcat8\webapps\examples
30-Nov-2016 03:49:51.444 INFO [localhost-startStop-1] org.apache.catalina.startup.HostConfig.deployDirectory Deployment of web application directory C:\progs\tomcat8\webapps\examples has finished in 1,190 ms
30-Nov-2016 03:49:51.445 INFO [localhost-startStop-1] org.apache.catalina.startup.HostConfig.deployDirectory Deploying web application directory C:\progs\tomcat8\webapps\host-manager
30-Nov-2016 03:49:51.524 INFO [localhost-startStop-1] org.apache.catalina.startup.HostConfig.deployDirectory Deployment of web application directory C:\progs\tomcat8\webapps\host-manager has finished in 80 ms
30-Nov-2016 03:49:51.525 INFO [localhost-startStop-1] org.apache.catalina.startup.HostConfig.deployDirectory Deploying web application directory C:\progs\tomcat8\webapps\manager
30-Nov-2016 03:49:51.589 INFO [localhost-startStop-1] org.apache.catalina.startup.HostConfig.deployDirectory Deployment of web application directory C:\progs\tomcat8\webapps\manager has finished in 63 ms
30-Nov-2016 03:49:51.591 INFO [localhost-startStop-1] org.apache.catalina.startup.HostConfig.deployDirectory Deploying web application directory C:\progs\tomcat8\webapps\myapps
30-Nov-2016 03:49:51.667 INFO [localhost-startStop-1] org.apache.catalina.startup.HostConfig.deployDirectory Deployment of web application directory C:\progs\tomcat8\webapps\myapps has finished in 75 ms
30-Nov-2016 03:49:51.670 INFO [localhost-startStop-1] org.apache.catalina.startup.HostConfig.deployDirectory Deploying web application directory C:\progs\tomcat8\webapps\ROOT
30-Nov-2016 03:49:51.705 INFO [localhost-startStop-1] org.apache.catalina.startup.HostConfig.deployDirectory Deployment of web application directory C:\progs\tomcat8\webapps\ROOT has finished in 35 ms
30-Nov-2016 03:49:51.706 INFO [localhost-startStop-1] org.apache.catalina.startup.HostConfig.deployDirectory Deploying web application directory C:\progs\tomcat8\webapps\webserv1
30-Nov-2016 03:49:53.128 WARNING [localhost-startStop-1] org.apache.tomcat.dbcp.dbcp2.BasicDataSourceFactory.getObjectInstance Name = parkingAppDb Property maxActive is not used in DBCP2, use maxTotal instead. maxTotal default value is 8. You have set value of "10" for "maxActive" property, which is being ignored.
30-Nov-2016 03:49:53.165 INFO [localhost-startStop-1] org.apache.jasper.servlet.TldScanner.scanJars At least one JAR was scanned for TLDs yet contained no TLDs. Enable debug logging for this logger for a complete list of JARs that were scanned but no TLDs were found in them. Skipping unneeded JARs during scanning can improve startup time and JSP compilation time.
30-Nov-2016 03:49:53.224 INFO [localhost-startStop-1] org.apache.catalina.startup.HostConfig.deployDirectory Deployment of web application directory C:\progs\tomcat8\webapps\webserv1 has finished in 1,519 ms
30-Nov-2016 03:49:53.231 INFO [main] org.apache.coyote.AbstractProtocol.start Starting ProtocolHandler [http-nio-8080]
30-Nov-2016 03:49:53.241 INFO [main] org.apache.coyote.AbstractProtocol.start Starting ProtocolHandler [ajp-nio-8009]
30-Nov-2016 03:49:53.244 INFO [main] org.apache.catalina.startup.Catalina.start Server startup in 3536 ms
30-Nov-2016 03:54:09.998 INFO [main] org.apache.catalina.core.StandardServer.await A valid shutdown command was received via the shutdown port. Stopping the Server instance.
30-Nov-2016 03:54:09.999 INFO [main] org.apache.coyote.AbstractProtocol.pause Pausing ProtocolHandler ["http-nio-8080"]
30-Nov-2016 03:54:10.056 INFO [main] org.apache.coyote.AbstractProtocol.pause Pausing ProtocolHandler ["ajp-nio-8009"]
30-Nov-2016 03:54:10.109 INFO [main] org.apache.catalina.core.StandardService.stopInternal Stopping service Catalina
30-Nov-2016 03:54:10.168 INFO [main] org.apache.coyote.AbstractProtocol.stop Stopping ProtocolHandler ["http-nio-8080"]
30-Nov-2016 03:54:10.175 INFO [main] org.apache.coyote.AbstractProtocol.stop Stopping ProtocolHandler ["ajp-nio-8009"]
30-Nov-2016 03:54:10.178 INFO [main] org.apache.coyote.AbstractProtocol.destroy Destroying ProtocolHandler ["http-nio-8080"]
30-Nov-2016 03:54:10.180 INFO [main] org.apache.coyote.AbstractProtocol.destroy Destroying ProtocolHandler ["ajp-nio-8009"]
30-Nov-2016 03:54:13.370 INFO [main] org.apache.catalina.startup.VersionLoggerListener.log Server version:        Apache Tomcat/8.5.4
30-Nov-2016 03:54:13.372 INFO [main] org.apache.catalina.startup.VersionLoggerListener.log Server built:          Jul 6 2016 08:43:30 UTC
30-Nov-2016 03:54:13.373 INFO [main] org.apache.catalina.startup.VersionLoggerListener.log Server number:         8.5.4.0
30-Nov-2016 03:54:13.373 INFO [main] org.apache.catalina.startup.VersionLoggerListener.log OS Name:               Windows 10
30-Nov-2016 03:54:13.373 INFO [main] org.apache.catalina.startup.VersionLoggerListener.log OS Version:            10.0
30-Nov-2016 03:54:13.373 INFO [main] org.apache.catalina.startup.VersionLoggerListener.log Architecture:          amd64
30-Nov-2016 03:54:13.374 INFO [main] org.apache.catalina.startup.VersionLoggerListener.log Java Home:             C:\Program Files\Java\jdk1.8.0_111\jre
30-Nov-2016 03:54:13.374 INFO [main] org.apache.catalina.startup.VersionLoggerListener.log JVM Version:           1.8.0_111-b14
30-Nov-2016 03:54:13.374 INFO [main] org.apache.catalina.startup.VersionLoggerListener.log JVM Vendor:            Oracle Corporation
30-Nov-2016 03:54:13.374 INFO [main] org.apache.catalina.startup.VersionLoggerListener.log CATALINA_BASE:         C:\progs\tomcat8
30-Nov-2016 03:54:13.374 INFO [main] org.apache.catalina.startup.VersionLoggerListener.log CATALINA_HOME:         C:\progs\tomcat8
30-Nov-2016 03:54:13.375 INFO [main] org.apache.catalina.startup.VersionLoggerListener.log Command line argument: -Djdk.tls.ephemeralDHKeySize=2048
30-Nov-2016 03:54:13.375 INFO [main] org.apache.catalina.startup.VersionLoggerListener.log Command line argument: -Djava.util.logging.config.file=c:\progs\tomcat8\conf\logging.properties
30-Nov-2016 03:54:13.375 INFO [main] org.apache.catalina.startup.VersionLoggerListener.log Command line argument: -Djava.util.logging.manager=org.apache.juli.ClassLoaderLogManager
30-Nov-2016 03:54:13.375 INFO [main] org.apache.catalina.startup.VersionLoggerListener.log Command line argument: -Dcatalina.base=c:\progs\tomcat8
30-Nov-2016 03:54:13.376 INFO [main] org.apache.catalina.startup.VersionLoggerListener.log Command line argument: -Dcatalina.home=c:\progs\tomcat8
30-Nov-2016 03:54:13.376 INFO [main] org.apache.catalina.startup.VersionLoggerListener.log Command line argument: -Djava.io.tmpdir=c:\progs\tomcat8\temp
30-Nov-2016 03:54:13.377 INFO [main] org.apache.catalina.core.AprLifecycleListener.lifecycleEvent The APR based Apache Tomcat Native library which allows optimal performance in production environments was not found on the java.library.path: C:\Program Files\Java\jdk1.8.0_111\jre\bin;C:\WINDOWS\Sun\Java\bin;C:\WINDOWS\system32;C:\WINDOWS;C:\ProgramData\Oracle\Java\javapath;C:\Program Files (x86)\Intel\iCLS Client\;C:\Program Files\Intel\iCLS Client\;C:\WINDOWS\system32;C:\WINDOWS;C:\WINDOWS\System32\Wbem;C:\WINDOWS\System32\WindowsPowerShell\v1.0\;C:\Program Files (x86)\Intel\Intel(R) Management Engine Components\DAL;C:\Program Files\Intel\Intel(R) Management Engine Components\DAL;C:\Program Files (x86)\Intel\Intel(R) Management Engine Components\IPT;C:\Program Files\Intel\Intel(R) Management Engine Components\IPT;c:\Program Files\Intel\WiFi\bin\;c:\Program Files\Common Files\Intel\WirelessCommon\;C:\Program Files\MySQL\MySQL Utilities 1.6\;C:\Program Files\Java\jdk1.8.0_111\bin;C:\Program Files\Java\jdk1.8.0_111;C:\Program Files\Java\jdk1.8.0_111\jre\lib;C:\Program Files\MySQL\MySQL Server 5.6\bin;.
30-Nov-2016 03:54:13.579 INFO [main] org.apache.coyote.AbstractProtocol.init Initializing ProtocolHandler ["http-nio-8080"]
30-Nov-2016 03:54:13.794 INFO [main] org.apache.tomcat.util.net.NioSelectorPool.getSharedSelector Using a shared selector for servlet write/read
30-Nov-2016 03:54:13.798 INFO [main] org.apache.coyote.AbstractProtocol.init Initializing ProtocolHandler ["ajp-nio-8009"]
30-Nov-2016 03:54:13.800 INFO [main] org.apache.tomcat.util.net.NioSelectorPool.getSharedSelector Using a shared selector for servlet write/read
30-Nov-2016 03:54:13.801 INFO [main] org.apache.catalina.startup.Catalina.load Initialization processed in 979 ms
30-Nov-2016 03:54:13.837 INFO [main] org.apache.catalina.core.StandardService.startInternal Starting service Catalina
30-Nov-2016 03:54:13.838 INFO [main] org.apache.catalina.core.StandardEngine.startInternal Starting Servlet Engine: Apache Tomcat/8.5.4
30-Nov-2016 03:54:13.851 INFO [localhost-startStop-1] org.apache.catalina.startup.HostConfig.deployDirectory Deploying web application directory C:\progs\tomcat8\webapps\docs
30-Nov-2016 03:54:14.337 INFO [localhost-startStop-1] org.apache.catalina.startup.HostConfig.deployDirectory Deployment of web application directory C:\progs\tomcat8\webapps\docs has finished in 484 ms
30-Nov-2016 03:54:14.338 INFO [localhost-startStop-1] org.apache.catalina.startup.HostConfig.deployDirectory Deploying web application directory C:\progs\tomcat8\webapps\examples
30-Nov-2016 03:54:14.873 INFO [localhost-startStop-1] org.apache.catalina.startup.HostConfig.deployDirectory Deployment of web application directory C:\progs\tomcat8\webapps\examples has finished in 534 ms
30-Nov-2016 03:54:14.874 INFO [localhost-startStop-1] org.apache.catalina.startup.HostConfig.deployDirectory Deploying web application directory C:\progs\tomcat8\webapps\host-manager
30-Nov-2016 03:54:14.921 INFO [localhost-startStop-1] org.apache.catalina.startup.HostConfig.deployDirectory Deployment of web application directory C:\progs\tomcat8\webapps\host-manager has finished in 47 ms
30-Nov-2016 03:54:14.921 INFO [localhost-startStop-1] org.apache.catalina.startup.HostConfig.deployDirectory Deploying web application directory C:\progs\tomcat8\webapps\manager
30-Nov-2016 03:54:14.967 INFO [localhost-startStop-1] org.apache.catalina.startup.HostConfig.deployDirectory Deployment of web application directory C:\progs\tomcat8\webapps\manager has finished in 46 ms
30-Nov-2016 03:54:14.969 INFO [localhost-startStop-1] org.apache.catalina.startup.HostConfig.deployDirectory Deploying web application directory C:\progs\tomcat8\webapps\myapps
30-Nov-2016 03:54:15.040 INFO [localhost-startStop-1] org.apache.catalina.startup.HostConfig.deployDirectory Deployment of web application directory C:\progs\tomcat8\webapps\myapps has finished in 70 ms
30-Nov-2016 03:54:15.040 INFO [localhost-startStop-1] org.apache.catalina.startup.HostConfig.deployDirectory Deploying web application directory C:\progs\tomcat8\webapps\ROOT
30-Nov-2016 03:54:15.076 INFO [localhost-startStop-1] org.apache.catalina.startup.HostConfig.deployDirectory Deployment of web application directory C:\progs\tomcat8\webapps\ROOT has finished in 36 ms
30-Nov-2016 03:54:15.077 INFO [localhost-startStop-1] org.apache.catalina.startup.HostConfig.deployDirectory Deploying web application directory C:\progs\tomcat8\webapps\webserv1
30-Nov-2016 03:54:16.170 WARNING [localhost-startStop-1] org.apache.tomcat.dbcp.dbcp2.BasicDataSourceFactory.getObjectInstance Name = parkingAppDb Property maxActive is not used in DBCP2, use maxTotal instead. maxTotal default value is 8. You have set value of "10" for "maxActive" property, which is being ignored.
30-Nov-2016 03:54:16.210 INFO [localhost-startStop-1] org.apache.jasper.servlet.TldScanner.scanJars At least one JAR was scanned for TLDs yet contained no TLDs. Enable debug logging for this logger for a complete list of JARs that were scanned but no TLDs were found in them. Skipping unneeded JARs during scanning can improve startup time and JSP compilation time.
30-Nov-2016 03:54:16.252 INFO [localhost-startStop-1] org.apache.catalina.startup.HostConfig.deployDirectory Deployment of web application directory C:\progs\tomcat8\webapps\webserv1 has finished in 1,175 ms
30-Nov-2016 03:54:16.257 INFO [main] org.apache.coyote.AbstractProtocol.start Starting ProtocolHandler [http-nio-8080]
30-Nov-2016 03:54:16.268 INFO [main] org.apache.coyote.AbstractProtocol.start Starting ProtocolHandler [ajp-nio-8009]
30-Nov-2016 03:54:16.271 INFO [main] org.apache.catalina.startup.Catalina.start Server startup in 2469 ms
30-Nov-2016 03:55:36.320 INFO [main] org.apache.catalina.core.StandardServer.await A valid shutdown command was received via the shutdown port. Stopping the Server instance.
30-Nov-2016 03:55:36.321 INFO [main] org.apache.coyote.AbstractProtocol.pause Pausing ProtocolHandler ["http-nio-8080"]
30-Nov-2016 03:55:36.378 INFO [main] org.apache.coyote.AbstractProtocol.pause Pausing ProtocolHandler ["ajp-nio-8009"]
30-Nov-2016 03:55:36.381 INFO [main] org.apache.catalina.core.StandardService.stopInternal Stopping service Catalina
30-Nov-2016 03:55:36.438 INFO [main] org.apache.coyote.AbstractProtocol.stop Stopping ProtocolHandler ["http-nio-8080"]
30-Nov-2016 03:55:36.443 INFO [main] org.apache.coyote.AbstractProtocol.stop Stopping ProtocolHandler ["ajp-nio-8009"]
30-Nov-2016 03:55:36.445 INFO [main] org.apache.coyote.AbstractProtocol.destroy Destroying ProtocolHandler ["http-nio-8080"]
30-Nov-2016 03:55:36.448 INFO [main] org.apache.coyote.AbstractProtocol.destroy Destroying ProtocolHandler ["ajp-nio-8009"]
30-Nov-2016 03:55:39.918 INFO [main] org.apache.catalina.startup.VersionLoggerListener.log Server version:        Apache Tomcat/8.5.4
30-Nov-2016 03:55:39.920 INFO [main] org.apache.catalina.startup.VersionLoggerListener.log Server built:          Jul 6 2016 08:43:30 UTC
30-Nov-2016 03:55:39.921 INFO [main] org.apache.catalina.startup.VersionLoggerListener.log Server number:         8.5.4.0
30-Nov-2016 03:55:39.921 INFO [main] org.apache.catalina.startup.VersionLoggerListener.log OS Name:               Windows 10
30-Nov-2016 03:55:39.922 INFO [main] org.apache.catalina.startup.VersionLoggerListener.log OS Version:            10.0
30-Nov-2016 03:55:39.922 INFO [main] org.apache.catalina.startup.VersionLoggerListener.log Architecture:          amd64
30-Nov-2016 03:55:39.922 INFO [main] org.apache.catalina.startup.VersionLoggerListener.log Java Home:             C:\Program Files\Java\jdk1.8.0_111\jre
30-Nov-2016 03:55:39.922 INFO [main] org.apache.catalina.startup.VersionLoggerListener.log JVM Version:           1.8.0_111-b14
30-Nov-2016 03:55:39.922 INFO [main] org.apache.catalina.startup.VersionLoggerListener.log JVM Vendor:            Oracle Corporation
30-Nov-2016 03:55:39.923 INFO [main] org.apache.catalina.startup.VersionLoggerListener.log CATALINA_BASE:         C:\progs\tomcat8
30-Nov-2016 03:55:39.923 INFO [main] org.apache.catalina.startup.VersionLoggerListener.log CATALINA_HOME:         C:\progs\tomcat8
30-Nov-2016 03:55:39.923 INFO [main] org.apache.catalina.startup.VersionLoggerListener.log Command line argument: -Djdk.tls.ephemeralDHKeySize=2048
30-Nov-2016 03:55:39.923 INFO [main] org.apache.catalina.startup.VersionLoggerListener.log Command line argument: -Djava.util.logging.config.file=c:\progs\tomcat8\conf\logging.properties
30-Nov-2016 03:55:39.924 INFO [main] org.apache.catalina.startup.VersionLoggerListener.log Command line argument: -Djava.util.logging.manager=org.apache.juli.ClassLoaderLogManager
30-Nov-2016 03:55:39.924 INFO [main] org.apache.catalina.startup.VersionLoggerListener.log Command line argument: -Dcatalina.base=c:\progs\tomcat8
30-Nov-2016 03:55:39.924 INFO [main] org.apache.catalina.startup.VersionLoggerListener.log Command line argument: -Dcatalina.home=c:\progs\tomcat8
30-Nov-2016 03:55:39.925 INFO [main] org.apache.catalina.startup.VersionLoggerListener.log Command line argument: -Djava.io.tmpdir=c:\progs\tomcat8\temp
30-Nov-2016 03:55:39.926 INFO [main] org.apache.catalina.core.AprLifecycleListener.lifecycleEvent The APR based Apache Tomcat Native library which allows optimal performance in production environments was not found on the java.library.path: C:\Program Files\Java\jdk1.8.0_111\jre\bin;C:\WINDOWS\Sun\Java\bin;C:\WINDOWS\system32;C:\WINDOWS;C:\ProgramData\Oracle\Java\javapath;C:\Program Files (x86)\Intel\iCLS Client\;C:\Program Files\Intel\iCLS Client\;C:\WINDOWS\system32;C:\WINDOWS;C:\WINDOWS\System32\Wbem;C:\WINDOWS\System32\WindowsPowerShell\v1.0\;C:\Program Files (x86)\Intel\Intel(R) Management Engine Components\DAL;C:\Program Files\Intel\Intel(R) Management Engine Components\DAL;C:\Program Files (x86)\Intel\Intel(R) Management Engine Components\IPT;C:\Program Files\Intel\Intel(R) Management Engine Components\IPT;c:\Program Files\Intel\WiFi\bin\;c:\Program Files\Common Files\Intel\WirelessCommon\;C:\Program Files\MySQL\MySQL Utilities 1.6\;C:\Program Files\Java\jdk1.8.0_111\bin;C:\Program Files\Java\jdk1.8.0_111;C:\Program Files\Java\jdk1.8.0_111\jre\lib;C:\Program Files\MySQL\MySQL Server 5.6\bin;.
30-Nov-2016 03:55:40.144 INFO [main] org.apache.coyote.AbstractProtocol.init Initializing ProtocolHandler ["http-nio-8080"]
30-Nov-2016 03:55:40.365 INFO [main] org.apache.tomcat.util.net.NioSelectorPool.getSharedSelector Using a shared selector for servlet write/read
30-Nov-2016 03:55:40.370 INFO [main] org.apache.coyote.AbstractProtocol.init Initializing ProtocolHandler ["ajp-nio-8009"]
30-Nov-2016 03:55:40.378 INFO [main] org.apache.tomcat.util.net.NioSelectorPool.getSharedSelector Using a shared selector for servlet write/read
30-Nov-2016 03:55:40.380 INFO [main] org.apache.catalina.startup.Catalina.load Initialization processed in 1211 ms
30-Nov-2016 03:55:40.429 INFO [main] org.apache.catalina.core.StandardService.startInternal Starting service Catalina
30-Nov-2016 03:55:40.430 INFO [main] org.apache.catalina.core.StandardEngine.startInternal Starting Servlet Engine: Apache Tomcat/8.5.4
30-Nov-2016 03:55:40.448 INFO [localhost-startStop-1] org.apache.catalina.startup.HostConfig.deployDirectory Deploying web application directory C:\progs\tomcat8\webapps\docs
30-Nov-2016 03:55:40.959 INFO [localhost-startStop-1] org.apache.catalina.startup.HostConfig.deployDirectory Deployment of web application directory C:\progs\tomcat8\webapps\docs has finished in 510 ms
30-Nov-2016 03:55:40.960 INFO [localhost-startStop-1] org.apache.catalina.startup.HostConfig.deployDirectory Deploying web application directory C:\progs\tomcat8\webapps\examples
30-Nov-2016 03:55:41.583 INFO [localhost-startStop-1] org.apache.catalina.startup.HostConfig.deployDirectory Deployment of web application directory C:\progs\tomcat8\webapps\examples has finished in 623 ms
30-Nov-2016 03:55:41.584 INFO [localhost-startStop-1] org.apache.catalina.startup.HostConfig.deployDirectory Deploying web application directory C:\progs\tomcat8\webapps\host-manager
30-Nov-2016 03:55:41.675 INFO [localhost-startStop-1] org.apache.catalina.startup.HostConfig.deployDirectory Deployment of web application directory C:\progs\tomcat8\webapps\host-manager has finished in 91 ms
30-Nov-2016 03:55:41.675 INFO [localhost-startStop-1] org.apache.catalina.startup.HostConfig.deployDirectory Deploying web application directory C:\progs\tomcat8\webapps\manager
30-Nov-2016 03:55:41.720 INFO [localhost-startStop-1] org.apache.catalina.startup.HostConfig.deployDirectory Deployment of web application directory C:\progs\tomcat8\webapps\manager has finished in 45 ms
30-Nov-2016 03:55:41.720 INFO [localhost-startStop-1] org.apache.catalina.startup.HostConfig.deployDirectory Deploying web application directory C:\progs\tomcat8\webapps\myapps
30-Nov-2016 03:55:41.763 INFO [localhost-startStop-1] org.apache.catalina.startup.HostConfig.deployDirectory Deployment of web application directory C:\progs\tomcat8\webapps\myapps has finished in 43 ms
30-Nov-2016 03:55:41.764 INFO [localhost-startStop-1] org.apache.catalina.startup.HostConfig.deployDirectory Deploying web application directory C:\progs\tomcat8\webapps\ROOT
30-Nov-2016 03:55:41.801 INFO [localhost-startStop-1] org.apache.catalina.startup.HostConfig.deployDirectory Deployment of web application directory C:\progs\tomcat8\webapps\ROOT has finished in 37 ms
30-Nov-2016 03:55:41.804 INFO [localhost-startStop-1] org.apache.catalina.startup.HostConfig.deployDirectory Deploying web application directory C:\progs\tomcat8\webapps\webserv1
30-Nov-2016 03:55:42.964 WARNING [localhost-startStop-1] org.apache.tomcat.dbcp.dbcp2.BasicDataSourceFactory.getObjectInstance Name = parkingAppDb Property maxActive is not used in DBCP2, use maxTotal instead. maxTotal default value is 8. You have set value of "10" for "maxActive" property, which is being ignored.
30-Nov-2016 03:55:43.002 INFO [localhost-startStop-1] org.apache.jasper.servlet.TldScanner.scanJars At least one JAR was scanned for TLDs yet contained no TLDs. Enable debug logging for this logger for a complete list of JARs that were scanned but no TLDs were found in them. Skipping unneeded JARs during scanning can improve startup time and JSP compilation time.
30-Nov-2016 03:55:43.047 INFO [localhost-startStop-1] org.apache.catalina.startup.HostConfig.deployDirectory Deployment of web application directory C:\progs\tomcat8\webapps\webserv1 has finished in 1,242 ms
30-Nov-2016 03:55:43.052 INFO [main] org.apache.coyote.AbstractProtocol.start Starting ProtocolHandler [http-nio-8080]
30-Nov-2016 03:55:43.064 INFO [main] org.apache.coyote.AbstractProtocol.start Starting ProtocolHandler [ajp-nio-8009]
30-Nov-2016 03:55:43.067 INFO [main] org.apache.catalina.startup.Catalina.start Server startup in 2685 ms
30-Nov-2016 03:59:08.420 INFO [main] org.apache.catalina.core.StandardServer.await A valid shutdown command was received via the shutdown port. Stopping the Server instance.
30-Nov-2016 03:59:08.421 INFO [main] org.apache.coyote.AbstractProtocol.pause Pausing ProtocolHandler ["http-nio-8080"]
30-Nov-2016 03:59:08.476 INFO [main] org.apache.coyote.AbstractProtocol.pause Pausing ProtocolHandler ["ajp-nio-8009"]
30-Nov-2016 03:59:08.529 INFO [main] org.apache.catalina.core.StandardService.stopInternal Stopping service Catalina
30-Nov-2016 03:59:08.632 WARNING [localhost-startStop-2] org.apache.catalina.loader.WebappClassLoaderBase.clearReferencesJdbc The web application [webserv1] registered the JDBC driver [com.mysql.jdbc.Driver] but failed to unregister it when the web application was stopped. To prevent a memory leak, the JDBC Driver has been forcibly unregistered.
30-Nov-2016 03:59:08.634 WARNING [localhost-startStop-2] org.apache.catalina.loader.WebappClassLoaderBase.clearReferencesThreads The web application [webserv1] appears to have started a thread named [Abandoned connection cleanup thread] but has failed to stop it. This is very likely to create a memory leak. Stack trace of thread:
 java.lang.Object.wait(Native Method)
 java.lang.ref.ReferenceQueue.remove(ReferenceQueue.java:143)
 com.mysql.jdbc.AbandonedConnectionCleanupThread.run(AbandonedConnectionCleanupThread.java:43)
30-Nov-2016 03:59:08.676 INFO [main] org.apache.coyote.AbstractProtocol.stop Stopping ProtocolHandler ["http-nio-8080"]
30-Nov-2016 03:59:08.687 INFO [main] org.apache.coyote.AbstractProtocol.stop Stopping ProtocolHandler ["ajp-nio-8009"]
30-Nov-2016 03:59:08.692 INFO [main] org.apache.coyote.AbstractProtocol.destroy Destroying ProtocolHandler ["http-nio-8080"]
30-Nov-2016 03:59:08.699 INFO [main] org.apache.coyote.AbstractProtocol.destroy Destroying ProtocolHandler ["ajp-nio-8009"]
30-Nov-2016 03:59:14.393 INFO [main] org.apache.catalina.startup.VersionLoggerListener.log Server version:        Apache Tomcat/8.5.4
30-Nov-2016 03:59:14.396 INFO [main] org.apache.catalina.startup.VersionLoggerListener.log Server built:          Jul 6 2016 08:43:30 UTC
30-Nov-2016 03:59:14.397 INFO [main] org.apache.catalina.startup.VersionLoggerListener.log Server number:         8.5.4.0
30-Nov-2016 03:59:14.397 INFO [main] org.apache.catalina.startup.VersionLoggerListener.log OS Name:               Windows 10
30-Nov-2016 03:59:14.397 INFO [main] org.apache.catalina.startup.VersionLoggerListener.log OS Version:            10.0
30-Nov-2016 03:59:14.398 INFO [main] org.apache.catalina.startup.VersionLoggerListener.log Architecture:          amd64
30-Nov-2016 03:59:14.398 INFO [main] org.apache.catalina.startup.VersionLoggerListener.log Java Home:             C:\Program Files\Java\jdk1.8.0_111\jre
30-Nov-2016 03:59:14.398 INFO [main] org.apache.catalina.startup.VersionLoggerListener.log JVM Version:           1.8.0_111-b14
30-Nov-2016 03:59:14.398 INFO [main] org.apache.catalina.startup.VersionLoggerListener.log JVM Vendor:            Oracle Corporation
30-Nov-2016 03:59:14.399 INFO [main] org.apache.catalina.startup.VersionLoggerListener.log CATALINA_BASE:         C:\progs\tomcat8
30-Nov-2016 03:59:14.399 INFO [main] org.apache.catalina.startup.VersionLoggerListener.log CATALINA_HOME:         C:\progs\tomcat8
30-Nov-2016 03:59:14.399 INFO [main] org.apache.catalina.startup.VersionLoggerListener.log Command line argument: -Djdk.tls.ephemeralDHKeySize=2048
30-Nov-2016 03:59:14.399 INFO [main] org.apache.catalina.startup.VersionLoggerListener.log Command line argument: -Djava.util.logging.config.file=c:\progs\tomcat8\conf\logging.properties
30-Nov-2016 03:59:14.400 INFO [main] org.apache.catalina.startup.VersionLoggerListener.log Command line argument: -Djava.util.logging.manager=org.apache.juli.ClassLoaderLogManager
30-Nov-2016 03:59:14.400 INFO [main] org.apache.catalina.startup.VersionLoggerListener.log Command line argument: -Dcatalina.base=c:\progs\tomcat8
30-Nov-2016 03:59:14.400 INFO [main] org.apache.catalina.startup.VersionLoggerListener.log Command line argument: -Dcatalina.home=c:\progs\tomcat8
30-Nov-2016 03:59:14.400 INFO [main] org.apache.catalina.startup.VersionLoggerListener.log Command line argument: -Djava.io.tmpdir=c:\progs\tomcat8\temp
30-Nov-2016 03:59:14.401 INFO [main] org.apache.catalina.core.AprLifecycleListener.lifecycleEvent The APR based Apache Tomcat Native library which allows optimal performance in production environments was not found on the java.library.path: C:\Program Files\Java\jdk1.8.0_111\jre\bin;C:\WINDOWS\Sun\Java\bin;C:\WINDOWS\system32;C:\WINDOWS;C:\ProgramData\Oracle\Java\javapath;C:\Program Files (x86)\Intel\iCLS Client\;C:\Program Files\Intel\iCLS Client\;C:\WINDOWS\system32;C:\WINDOWS;C:\WINDOWS\System32\Wbem;C:\WINDOWS\System32\WindowsPowerShell\v1.0\;C:\Program Files (x86)\Intel\Intel(R) Management Engine Components\DAL;C:\Program Files\Intel\Intel(R) Management Engine Components\DAL;C:\Program Files (x86)\Intel\Intel(R) Management Engine Components\IPT;C:\Program Files\Intel\Intel(R) Management Engine Components\IPT;c:\Program Files\Intel\WiFi\bin\;c:\Program Files\Common Files\Intel\WirelessCommon\;C:\Program Files\MySQL\MySQL Utilities 1.6\;C:\Program Files\Java\jdk1.8.0_111\bin;C:\Program Files\Java\jdk1.8.0_111;C:\Program Files\Java\jdk1.8.0_111\jre\lib;C:\Program Files\MySQL\MySQL Server 5.6\bin;.
30-Nov-2016 03:59:14.652 INFO [main] org.apache.coyote.AbstractProtocol.init Initializing ProtocolHandler ["http-nio-8080"]
30-Nov-2016 03:59:14.857 INFO [main] org.apache.tomcat.util.net.NioSelectorPool.getSharedSelector Using a shared selector for servlet write/read
30-Nov-2016 03:59:14.860 INFO [main] org.apache.coyote.AbstractProtocol.init Initializing ProtocolHandler ["ajp-nio-8009"]
30-Nov-2016 03:59:14.863 INFO [main] org.apache.tomcat.util.net.NioSelectorPool.getSharedSelector Using a shared selector for servlet write/read
30-Nov-2016 03:59:14.864 INFO [main] org.apache.catalina.startup.Catalina.load Initialization processed in 1092 ms
30-Nov-2016 03:59:14.897 INFO [main] org.apache.catalina.core.StandardService.startInternal Starting service Catalina
30-Nov-2016 03:59:14.898 INFO [main] org.apache.catalina.core.StandardEngine.startInternal Starting Servlet Engine: Apache Tomcat/8.5.4
30-Nov-2016 03:59:14.911 INFO [localhost-startStop-1] org.apache.catalina.startup.HostConfig.deployDirectory Deploying web application directory C:\progs\tomcat8\webapps\docs
30-Nov-2016 03:59:15.337 INFO [localhost-startStop-1] org.apache.catalina.startup.HostConfig.deployDirectory Deployment of web application directory C:\progs\tomcat8\webapps\docs has finished in 425 ms
30-Nov-2016 03:59:15.338 INFO [localhost-startStop-1] org.apache.catalina.startup.HostConfig.deployDirectory Deploying web application directory C:\progs\tomcat8\webapps\examples
30-Nov-2016 03:59:15.892 INFO [localhost-startStop-1] org.apache.catalina.startup.HostConfig.deployDirectory Deployment of web application directory C:\progs\tomcat8\webapps\examples has finished in 555 ms
30-Nov-2016 03:59:15.892 INFO [localhost-startStop-1] org.apache.catalina.startup.HostConfig.deployDirectory Deploying web application directory C:\progs\tomcat8\webapps\host-manager
30-Nov-2016 03:59:15.948 INFO [localhost-startStop-1] org.apache.catalina.startup.HostConfig.deployDirectory Deployment of web application directory C:\progs\tomcat8\webapps\host-manager has finished in 56 ms
30-Nov-2016 03:59:15.952 INFO [localhost-startStop-1] org.apache.catalina.startup.HostConfig.deployDirectory Deploying web application directory C:\progs\tomcat8\webapps\manager
30-Nov-2016 03:59:15.997 INFO [localhost-startStop-1] org.apache.catalina.startup.HostConfig.deployDirectory Deployment of web application directory C:\progs\tomcat8\webapps\manager has finished in 45 ms
30-Nov-2016 03:59:15.998 INFO [localhost-startStop-1] org.apache.catalina.startup.HostConfig.deployDirectory Deploying web application directory C:\progs\tomcat8\webapps\myapps
30-Nov-2016 03:59:16.059 INFO [localhost-startStop-1] org.apache.catalina.startup.HostConfig.deployDirectory Deployment of web application directory C:\progs\tomcat8\webapps\myapps has finished in 61 ms
30-Nov-2016 03:59:16.060 INFO [localhost-startStop-1] org.apache.catalina.startup.HostConfig.deployDirectory Deploying web application directory C:\progs\tomcat8\webapps\ROOT
30-Nov-2016 03:59:16.094 INFO [localhost-startStop-1] org.apache.catalina.startup.HostConfig.deployDirectory Deployment of web application directory C:\progs\tomcat8\webapps\ROOT has finished in 34 ms
30-Nov-2016 03:59:16.095 INFO [localhost-startStop-1] org.apache.catalina.startup.HostConfig.deployDirectory Deploying web application directory C:\progs\tomcat8\webapps\webserv1
30-Nov-2016 03:59:17.315 WARNING [localhost-startStop-1] org.apache.tomcat.dbcp.dbcp2.BasicDataSourceFactory.getObjectInstance Name = parkingAppDb Property maxActive is not used in DBCP2, use maxTotal instead. maxTotal default value is 8. You have set value of "10" for "maxActive" property, which is being ignored.
30-Nov-2016 03:59:17.358 INFO [localhost-startStop-1] org.apache.jasper.servlet.TldScanner.scanJars At least one JAR was scanned for TLDs yet contained no TLDs. Enable debug logging for this logger for a complete list of JARs that were scanned but no TLDs were found in them. Skipping unneeded JARs during scanning can improve startup time and JSP compilation time.
30-Nov-2016 03:59:17.430 INFO [localhost-startStop-1] org.apache.catalina.startup.HostConfig.deployDirectory Deployment of web application directory C:\progs\tomcat8\webapps\webserv1 has finished in 1,335 ms
30-Nov-2016 03:59:17.437 INFO [main] org.apache.coyote.AbstractProtocol.start Starting ProtocolHandler [http-nio-8080]
30-Nov-2016 03:59:17.449 INFO [main] org.apache.coyote.AbstractProtocol.start Starting ProtocolHandler [ajp-nio-8009]
30-Nov-2016 03:59:17.454 INFO [main] org.apache.catalina.startup.Catalina.start Server startup in 2589 ms
30-Nov-2016 04:33:27.678 INFO [main] org.apache.catalina.core.StandardServer.await A valid shutdown command was received via the shutdown port. Stopping the Server instance.
30-Nov-2016 04:33:27.682 INFO [main] org.apache.coyote.AbstractProtocol.pause Pausing ProtocolHandler ["http-nio-8080"]
30-Nov-2016 04:33:27.735 INFO [main] org.apache.coyote.AbstractProtocol.pause Pausing ProtocolHandler ["ajp-nio-8009"]
30-Nov-2016 04:33:27.788 INFO [main] org.apache.catalina.core.StandardService.stopInternal Stopping service Catalina
30-Nov-2016 04:33:27.990 WARNING [localhost-startStop-2] org.apache.catalina.loader.WebappClassLoaderBase.clearReferencesJdbc The web application [webserv1] registered the JDBC driver [com.mysql.jdbc.Driver] but failed to unregister it when the web application was stopped. To prevent a memory leak, the JDBC Driver has been forcibly unregistered.
30-Nov-2016 04:33:27.993 WARNING [localhost-startStop-2] org.apache.catalina.loader.WebappClassLoaderBase.clearReferencesThreads The web application [webserv1] appears to have started a thread named [Abandoned connection cleanup thread] but has failed to stop it. This is very likely to create a memory leak. Stack trace of thread:
 java.lang.Object.wait(Native Method)
 java.lang.ref.ReferenceQueue.remove(ReferenceQueue.java:143)
 com.mysql.jdbc.AbandonedConnectionCleanupThread.run(AbandonedConnectionCleanupThread.java:43)
30-Nov-2016 04:33:28.062 INFO [main] org.apache.coyote.AbstractProtocol.stop Stopping ProtocolHandler ["http-nio-8080"]
30-Nov-2016 04:33:28.069 INFO [main] org.apache.coyote.AbstractProtocol.stop Stopping ProtocolHandler ["ajp-nio-8009"]
30-Nov-2016 04:33:28.071 INFO [main] org.apache.coyote.AbstractProtocol.destroy Destroying ProtocolHandler ["http-nio-8080"]
30-Nov-2016 04:33:28.073 INFO [main] org.apache.coyote.AbstractProtocol.destroy Destroying ProtocolHandler ["ajp-nio-8009"]
30-Nov-2016 04:34:23.792 INFO [main] org.apache.catalina.startup.VersionLoggerListener.log Server version:        Apache Tomcat/8.5.4
30-Nov-2016 04:34:23.794 INFO [main] org.apache.catalina.startup.VersionLoggerListener.log Server built:          Jul 6 2016 08:43:30 UTC
30-Nov-2016 04:34:23.795 INFO [main] org.apache.catalina.startup.VersionLoggerListener.log Server number:         8.5.4.0
30-Nov-2016 04:34:23.796 INFO [main] org.apache.catalina.startup.VersionLoggerListener.log OS Name:               Windows 10
30-Nov-2016 04:34:23.796 INFO [main] org.apache.catalina.startup.VersionLoggerListener.log OS Version:            10.0
30-Nov-2016 04:34:23.796 INFO [main] org.apache.catalina.startup.VersionLoggerListener.log Architecture:          amd64
30-Nov-2016 04:34:23.797 INFO [main] org.apache.catalina.startup.VersionLoggerListener.log Java Home:             C:\Program Files\Java\jdk1.8.0_111\jre
30-Nov-2016 04:34:23.797 INFO [main] org.apache.catalina.startup.VersionLoggerListener.log JVM Version:           1.8.0_111-b14
30-Nov-2016 04:34:23.797 INFO [main] org.apache.catalina.startup.VersionLoggerListener.log JVM Vendor:            Oracle Corporation
30-Nov-2016 04:34:23.797 INFO [main] org.apache.catalina.startup.VersionLoggerListener.log CATALINA_BASE:         C:\progs\tomcat8
30-Nov-2016 04:34:23.797 INFO [main] org.apache.catalina.startup.VersionLoggerListener.log CATALINA_HOME:         C:\progs\tomcat8
30-Nov-2016 04:34:23.798 INFO [main] org.apache.catalina.startup.VersionLoggerListener.log Command line argument: -Djdk.tls.ephemeralDHKeySize=2048
30-Nov-2016 04:34:23.798 INFO [main] org.apache.catalina.startup.VersionLoggerListener.log Command line argument: -Djava.util.logging.config.file=c:\progs\tomcat8\conf\logging.properties
30-Nov-2016 04:34:23.798 INFO [main] org.apache.catalina.startup.VersionLoggerListener.log Command line argument: -Djava.util.logging.manager=org.apache.juli.ClassLoaderLogManager
30-Nov-2016 04:34:23.798 INFO [main] org.apache.catalina.startup.VersionLoggerListener.log Command line argument: -Dcatalina.base=c:\progs\tomcat8
30-Nov-2016 04:34:23.799 INFO [main] org.apache.catalina.startup.VersionLoggerListener.log Command line argument: -Dcatalina.home=c:\progs\tomcat8
30-Nov-2016 04:34:23.799 INFO [main] org.apache.catalina.startup.VersionLoggerListener.log Command line argument: -Djava.io.tmpdir=c:\progs\tomcat8\temp
30-Nov-2016 04:34:23.800 INFO [main] org.apache.catalina.core.AprLifecycleListener.lifecycleEvent The APR based Apache Tomcat Native library which allows optimal performance in production environments was not found on the java.library.path: C:\Program Files\Java\jdk1.8.0_111\jre\bin;C:\WINDOWS\Sun\Java\bin;C:\WINDOWS\system32;C:\WINDOWS;C:\ProgramData\Oracle\Java\javapath;C:\Program Files (x86)\Intel\iCLS Client\;C:\Program Files\Intel\iCLS Client\;C:\WINDOWS\system32;C:\WINDOWS;C:\WINDOWS\System32\Wbem;C:\WINDOWS\System32\WindowsPowerShell\v1.0\;C:\Program Files (x86)\Intel\Intel(R) Management Engine Components\DAL;C:\Program Files\Intel\Intel(R) Management Engine Components\DAL;C:\Program Files (x86)\Intel\Intel(R) Management Engine Components\IPT;C:\Program Files\Intel\Intel(R) Management Engine Components\IPT;c:\Program Files\Intel\WiFi\bin\;c:\Program Files\Common Files\Intel\WirelessCommon\;C:\Program Files\MySQL\MySQL Utilities 1.6\;C:\Program Files\Java\jdk1.8.0_111\bin;C:\Program Files\Java\jdk1.8.0_111;C:\Program Files\Java\jdk1.8.0_111\jre\lib;C:\Program Files\MySQL\MySQL Server 5.6\bin;.
30-Nov-2016 04:34:24.000 INFO [main] org.apache.coyote.AbstractProtocol.init Initializing ProtocolHandler ["http-nio-8080"]
30-Nov-2016 04:34:24.220 INFO [main] org.apache.tomcat.util.net.NioSelectorPool.getSharedSelector Using a shared selector for servlet write/read
30-Nov-2016 04:34:24.223 INFO [main] org.apache.coyote.AbstractProtocol.init Initializing ProtocolHandler ["ajp-nio-8009"]
30-Nov-2016 04:34:24.226 INFO [main] org.apache.tomcat.util.net.NioSelectorPool.getSharedSelector Using a shared selector for servlet write/read
30-Nov-2016 04:34:24.227 INFO [main] org.apache.catalina.startup.Catalina.load Initialization processed in 1043 ms
30-Nov-2016 04:34:24.269 INFO [main] org.apache.catalina.core.StandardService.startInternal Starting service Catalina
30-Nov-2016 04:34:24.269 INFO [main] org.apache.catalina.core.StandardEngine.startInternal Starting Servlet Engine: Apache Tomcat/8.5.4
30-Nov-2016 04:34:24.317 INFO [localhost-startStop-1] org.apache.catalina.startup.HostConfig.deployDirectory Deploying web application directory C:\progs\tomcat8\webapps\docs
30-Nov-2016 04:34:24.801 INFO [localhost-startStop-1] org.apache.catalina.startup.HostConfig.deployDirectory Deployment of web application directory C:\progs\tomcat8\webapps\docs has finished in 483 ms
30-Nov-2016 04:34:24.801 INFO [localhost-startStop-1] org.apache.catalina.startup.HostConfig.deployDirectory Deploying web application directory C:\progs\tomcat8\webapps\examples
30-Nov-2016 04:34:25.358 INFO [localhost-startStop-1] org.apache.catalina.startup.HostConfig.deployDirectory Deployment of web application directory C:\progs\tomcat8\webapps\examples has finished in 556 ms
30-Nov-2016 04:34:25.358 INFO [localhost-startStop-1] org.apache.catalina.startup.HostConfig.deployDirectory Deploying web application directory C:\progs\tomcat8\webapps\host-manager
30-Nov-2016 04:34:25.414 INFO [localhost-startStop-1] org.apache.catalina.startup.HostConfig.deployDirectory Deployment of web application directory C:\progs\tomcat8\webapps\host-manager has finished in 56 ms
30-Nov-2016 04:34:25.418 INFO [localhost-startStop-1] org.apache.catalina.startup.HostConfig.deployDirectory Deploying web application directory C:\progs\tomcat8\webapps\manager
30-Nov-2016 04:34:25.462 INFO [localhost-startStop-1] org.apache.catalina.startup.HostConfig.deployDirectory Deployment of web application directory C:\progs\tomcat8\webapps\manager has finished in 44 ms
30-Nov-2016 04:34:25.463 INFO [localhost-startStop-1] org.apache.catalina.startup.HostConfig.deployDirectory Deploying web application directory C:\progs\tomcat8\webapps\myapps
30-Nov-2016 04:34:25.524 INFO [localhost-startStop-1] org.apache.catalina.startup.HostConfig.deployDirectory Deployment of web application directory C:\progs\tomcat8\webapps\myapps has finished in 61 ms
30-Nov-2016 04:34:25.526 INFO [localhost-startStop-1] org.apache.catalina.startup.HostConfig.deployDirectory Deploying web application directory C:\progs\tomcat8\webapps\ROOT
30-Nov-2016 04:34:25.572 INFO [localhost-startStop-1] org.apache.catalina.startup.HostConfig.deployDirectory Deployment of web application directory C:\progs\tomcat8\webapps\ROOT has finished in 46 ms
30-Nov-2016 04:34:25.575 INFO [localhost-startStop-1] org.apache.catalina.startup.HostConfig.deployDirectory Deploying web application directory C:\progs\tomcat8\webapps\webserv1
30-Nov-2016 04:34:26.787 WARNING [localhost-startStop-1] org.apache.tomcat.dbcp.dbcp2.BasicDataSourceFactory.getObjectInstance Name = parkingAppDb Property maxActive is not used in DBCP2, use maxTotal instead. maxTotal default value is 8. You have set value of "10" for "maxActive" property, which is being ignored.
30-Nov-2016 04:34:26.829 INFO [localhost-startStop-1] org.apache.jasper.servlet.TldScanner.scanJars At least one JAR was scanned for TLDs yet contained no TLDs. Enable debug logging for this logger for a complete list of JARs that were scanned but no TLDs were found in them. Skipping unneeded JARs during scanning can improve startup time and JSP compilation time.
30-Nov-2016 04:34:26.875 INFO [localhost-startStop-1] org.apache.catalina.startup.HostConfig.deployDirectory Deployment of web application directory C:\progs\tomcat8\webapps\webserv1 has finished in 1,300 ms
30-Nov-2016 04:34:26.881 INFO [main] org.apache.coyote.AbstractProtocol.start Starting ProtocolHandler [http-nio-8080]
30-Nov-2016 04:34:26.892 INFO [main] org.apache.coyote.AbstractProtocol.start Starting ProtocolHandler [ajp-nio-8009]
30-Nov-2016 04:34:26.895 INFO [main] org.apache.catalina.startup.Catalina.start Server startup in 2667 ms
30-Nov-2016 04:46:46.303 INFO [main] org.apache.catalina.core.StandardServer.await A valid shutdown command was received via the shutdown port. Stopping the Server instance.
30-Nov-2016 04:46:46.305 INFO [main] org.apache.coyote.AbstractProtocol.pause Pausing ProtocolHandler ["http-nio-8080"]
30-Nov-2016 04:46:46.360 INFO [main] org.apache.coyote.AbstractProtocol.pause Pausing ProtocolHandler ["ajp-nio-8009"]
30-Nov-2016 04:46:46.412 INFO [main] org.apache.catalina.core.StandardService.stopInternal Stopping service Catalina
30-Nov-2016 04:46:46.538 WARNING [localhost-startStop-2] org.apache.catalina.loader.WebappClassLoaderBase.clearReferencesJdbc The web application [webserv1] registered the JDBC driver [com.mysql.jdbc.Driver] but failed to unregister it when the web application was stopped. To prevent a memory leak, the JDBC Driver has been forcibly unregistered.
30-Nov-2016 04:46:46.539 WARNING [localhost-startStop-2] org.apache.catalina.loader.WebappClassLoaderBase.clearReferencesThreads The web application [webserv1] appears to have started a thread named [Abandoned connection cleanup thread] but has failed to stop it. This is very likely to create a memory leak. Stack trace of thread:
 java.lang.Object.wait(Native Method)
 java.lang.ref.ReferenceQueue.remove(ReferenceQueue.java:143)
 com.mysql.jdbc.AbandonedConnectionCleanupThread.run(AbandonedConnectionCleanupThread.java:43)
30-Nov-2016 04:46:46.583 INFO [main] org.apache.coyote.AbstractProtocol.stop Stopping ProtocolHandler ["http-nio-8080"]
30-Nov-2016 04:46:46.589 INFO [main] org.apache.coyote.AbstractProtocol.stop Stopping ProtocolHandler ["ajp-nio-8009"]
30-Nov-2016 04:46:46.591 INFO [main] org.apache.coyote.AbstractProtocol.destroy Destroying ProtocolHandler ["http-nio-8080"]
30-Nov-2016 04:46:46.592 INFO [main] org.apache.coyote.AbstractProtocol.destroy Destroying ProtocolHandler ["ajp-nio-8009"]
30-Nov-2016 04:46:49.661 INFO [main] org.apache.catalina.startup.VersionLoggerListener.log Server version:        Apache Tomcat/8.5.4
30-Nov-2016 04:46:49.663 INFO [main] org.apache.catalina.startup.VersionLoggerListener.log Server built:          Jul 6 2016 08:43:30 UTC
30-Nov-2016 04:46:49.665 INFO [main] org.apache.catalina.startup.VersionLoggerListener.log Server number:         8.5.4.0
30-Nov-2016 04:46:49.665 INFO [main] org.apache.catalina.startup.VersionLoggerListener.log OS Name:               Windows 10
30-Nov-2016 04:46:49.665 INFO [main] org.apache.catalina.startup.VersionLoggerListener.log OS Version:            10.0
30-Nov-2016 04:46:49.666 INFO [main] org.apache.catalina.startup.VersionLoggerListener.log Architecture:          amd64
30-Nov-2016 04:46:49.666 INFO [main] org.apache.catalina.startup.VersionLoggerListener.log Java Home:             C:\Program Files\Java\jdk1.8.0_111\jre
30-Nov-2016 04:46:49.666 INFO [main] org.apache.catalina.startup.VersionLoggerListener.log JVM Version:           1.8.0_111-b14
30-Nov-2016 04:46:49.666 INFO [main] org.apache.catalina.startup.VersionLoggerListener.log JVM Vendor:            Oracle Corporation
30-Nov-2016 04:46:49.666 INFO [main] org.apache.catalina.startup.VersionLoggerListener.log CATALINA_BASE:         C:\progs\tomcat8
30-Nov-2016 04:46:49.667 INFO [main] org.apache.catalina.startup.VersionLoggerListener.log CATALINA_HOME:         C:\progs\tomcat8
30-Nov-2016 04:46:49.667 INFO [main] org.apache.catalina.startup.VersionLoggerListener.log Command line argument: -Djdk.tls.ephemeralDHKeySize=2048
30-Nov-2016 04:46:49.667 INFO [main] org.apache.catalina.startup.VersionLoggerListener.log Command line argument: -Djava.util.logging.config.file=c:\progs\tomcat8\conf\logging.properties
30-Nov-2016 04:46:49.668 INFO [main] org.apache.catalina.startup.VersionLoggerListener.log Command line argument: -Djava.util.logging.manager=org.apache.juli.ClassLoaderLogManager
30-Nov-2016 04:46:49.668 INFO [main] org.apache.catalina.startup.VersionLoggerListener.log Command line argument: -Dcatalina.base=c:\progs\tomcat8
30-Nov-2016 04:46:49.668 INFO [main] org.apache.catalina.startup.VersionLoggerListener.log Command line argument: -Dcatalina.home=c:\progs\tomcat8
30-Nov-2016 04:46:49.668 INFO [main] org.apache.catalina.startup.VersionLoggerListener.log Command line argument: -Djava.io.tmpdir=c:\progs\tomcat8\temp
30-Nov-2016 04:46:49.669 INFO [main] org.apache.catalina.core.AprLifecycleListener.lifecycleEvent The APR based Apache Tomcat Native library which allows optimal performance in production environments was not found on the java.library.path: C:\Program Files\Java\jdk1.8.0_111\jre\bin;C:\WINDOWS\Sun\Java\bin;C:\WINDOWS\system32;C:\WINDOWS;C:\ProgramData\Oracle\Java\javapath;C:\Program Files (x86)\Intel\iCLS Client\;C:\Program Files\Intel\iCLS Client\;C:\WINDOWS\system32;C:\WINDOWS;C:\WINDOWS\System32\Wbem;C:\WINDOWS\System32\WindowsPowerShell\v1.0\;C:\Program Files (x86)\Intel\Intel(R) Management Engine Components\DAL;C:\Program Files\Intel\Intel(R) Management Engine Components\DAL;C:\Program Files (x86)\Intel\Intel(R) Management Engine Components\IPT;C:\Program Files\Intel\Intel(R) Management Engine Components\IPT;c:\Program Files\Intel\WiFi\bin\;c:\Program Files\Common Files\Intel\WirelessCommon\;C:\Program Files\MySQL\MySQL Utilities 1.6\;C:\Program Files\Java\jdk1.8.0_111\bin;C:\Program Files\Java\jdk1.8.0_111;C:\Program Files\Java\jdk1.8.0_111\jre\lib;C:\Program Files\MySQL\MySQL Server 5.6\bin;.
30-Nov-2016 04:46:49.894 INFO [main] org.apache.coyote.AbstractProtocol.init Initializing ProtocolHandler ["http-nio-8080"]
30-Nov-2016 04:46:50.103 INFO [main] org.apache.tomcat.util.net.NioSelectorPool.getSharedSelector Using a shared selector for servlet write/read
30-Nov-2016 04:46:50.107 INFO [main] org.apache.coyote.AbstractProtocol.init Initializing ProtocolHandler ["ajp-nio-8009"]
30-Nov-2016 04:46:50.111 INFO [main] org.apache.tomcat.util.net.NioSelectorPool.getSharedSelector Using a shared selector for servlet write/read
30-Nov-2016 04:46:50.111 INFO [main] org.apache.catalina.startup.Catalina.load Initialization processed in 1017 ms
30-Nov-2016 04:46:50.147 INFO [main] org.apache.catalina.core.StandardService.startInternal Starting service Catalina
30-Nov-2016 04:46:50.148 INFO [main] org.apache.catalina.core.StandardEngine.startInternal Starting Servlet Engine: Apache Tomcat/8.5.4
30-Nov-2016 04:46:50.164 INFO [localhost-startStop-1] org.apache.catalina.startup.HostConfig.deployDirectory Deploying web application directory C:\progs\tomcat8\webapps\docs
30-Nov-2016 04:46:50.622 INFO [localhost-startStop-1] org.apache.catalina.startup.HostConfig.deployDirectory Deployment of web application directory C:\progs\tomcat8\webapps\docs has finished in 458 ms
30-Nov-2016 04:46:50.623 INFO [localhost-startStop-1] org.apache.catalina.startup.HostConfig.deployDirectory Deploying web application directory C:\progs\tomcat8\webapps\examples
30-Nov-2016 04:46:51.222 INFO [localhost-startStop-1] org.apache.catalina.startup.HostConfig.deployDirectory Deployment of web application directory C:\progs\tomcat8\webapps\examples has finished in 599 ms
30-Nov-2016 04:46:51.222 INFO [localhost-startStop-1] org.apache.catalina.startup.HostConfig.deployDirectory Deploying web application directory C:\progs\tomcat8\webapps\host-manager
30-Nov-2016 04:46:51.276 INFO [localhost-startStop-1] org.apache.catalina.startup.HostConfig.deployDirectory Deployment of web application directory C:\progs\tomcat8\webapps\host-manager has finished in 53 ms
30-Nov-2016 04:46:51.277 INFO [localhost-startStop-1] org.apache.catalina.startup.HostConfig.deployDirectory Deploying web application directory C:\progs\tomcat8\webapps\manager
30-Nov-2016 04:46:51.329 INFO [localhost-startStop-1] org.apache.catalina.startup.HostConfig.deployDirectory Deployment of web application directory C:\progs\tomcat8\webapps\manager has finished in 51 ms
30-Nov-2016 04:46:51.329 INFO [localhost-startStop-1] org.apache.catalina.startup.HostConfig.deployDirectory Deploying web application directory C:\progs\tomcat8\webapps\myapps
30-Nov-2016 04:46:51.394 INFO [localhost-startStop-1] org.apache.catalina.startup.HostConfig.deployDirectory Deployment of web application directory C:\progs\tomcat8\webapps\myapps has finished in 65 ms
30-Nov-2016 04:46:51.394 INFO [localhost-startStop-1] org.apache.catalina.startup.HostConfig.deployDirectory Deploying web application directory C:\progs\tomcat8\webapps\ROOT
30-Nov-2016 04:46:51.432 INFO [localhost-startStop-1] org.apache.catalina.startup.HostConfig.deployDirectory Deployment of web application directory C:\progs\tomcat8\webapps\ROOT has finished in 38 ms
30-Nov-2016 04:46:51.433 INFO [localhost-startStop-1] org.apache.catalina.startup.HostConfig.deployDirectory Deploying web application directory C:\progs\tomcat8\webapps\webserv1
30-Nov-2016 04:46:52.540 WARNING [localhost-startStop-1] org.apache.tomcat.dbcp.dbcp2.BasicDataSourceFactory.getObjectInstance Name = parkingAppDb Property maxActive is not used in DBCP2, use maxTotal instead. maxTotal default value is 8. You have set value of "10" for "maxActive" property, which is being ignored.
30-Nov-2016 04:46:52.588 INFO [localhost-startStop-1] org.apache.jasper.servlet.TldScanner.scanJars At least one JAR was scanned for TLDs yet contained no TLDs. Enable debug logging for this logger for a complete list of JARs that were scanned but no TLDs were found in them. Skipping unneeded JARs during scanning can improve startup time and JSP compilation time.
30-Nov-2016 04:46:52.645 INFO [localhost-startStop-1] org.apache.catalina.startup.HostConfig.deployDirectory Deployment of web application directory C:\progs\tomcat8\webapps\webserv1 has finished in 1,212 ms
30-Nov-2016 04:46:52.651 INFO [main] org.apache.coyote.AbstractProtocol.start Starting ProtocolHandler [http-nio-8080]
30-Nov-2016 04:46:52.666 INFO [main] org.apache.coyote.AbstractProtocol.start Starting ProtocolHandler [ajp-nio-8009]
30-Nov-2016 04:46:52.672 INFO [main] org.apache.catalina.startup.Catalina.start Server startup in 2559 ms
30-Nov-2016 04:52:25.881 INFO [main] org.apache.catalina.core.StandardServer.await A valid shutdown command was received via the shutdown port. Stopping the Server instance.
30-Nov-2016 04:52:25.882 INFO [main] org.apache.coyote.AbstractProtocol.pause Pausing ProtocolHandler ["http-nio-8080"]
30-Nov-2016 04:52:25.936 INFO [main] org.apache.coyote.AbstractProtocol.pause Pausing ProtocolHandler ["ajp-nio-8009"]
30-Nov-2016 04:52:25.988 INFO [main] org.apache.catalina.core.StandardService.stopInternal Stopping service Catalina
30-Nov-2016 04:52:26.038 WARNING [localhost-startStop-2] org.apache.catalina.loader.WebappClassLoaderBase.clearReferencesJdbc The web application [webserv1] registered the JDBC driver [com.mysql.jdbc.Driver] but failed to unregister it when the web application was stopped. To prevent a memory leak, the JDBC Driver has been forcibly unregistered.
30-Nov-2016 04:52:26.040 WARNING [localhost-startStop-2] org.apache.catalina.loader.WebappClassLoaderBase.clearReferencesThreads The web application [webserv1] appears to have started a thread named [Abandoned connection cleanup thread] but has failed to stop it. This is very likely to create a memory leak. Stack trace of thread:
 java.lang.Object.wait(Native Method)
 java.lang.ref.ReferenceQueue.remove(ReferenceQueue.java:143)
 com.mysql.jdbc.AbandonedConnectionCleanupThread.run(AbandonedConnectionCleanupThread.java:43)
30-Nov-2016 04:52:26.061 INFO [main] org.apache.coyote.AbstractProtocol.stop Stopping ProtocolHandler ["http-nio-8080"]
30-Nov-2016 04:52:26.066 INFO [main] org.apache.coyote.AbstractProtocol.stop Stopping ProtocolHandler ["ajp-nio-8009"]
30-Nov-2016 04:52:26.068 INFO [main] org.apache.coyote.AbstractProtocol.destroy Destroying ProtocolHandler ["http-nio-8080"]
30-Nov-2016 04:52:26.072 INFO [main] org.apache.coyote.AbstractProtocol.destroy Destroying ProtocolHandler ["ajp-nio-8009"]
